[07/Jan/2021:11:00:42 +0800] 0:0:0:0:0:0:0:1 [GET / HTTP/1.1] 302 43
[07/Jan/2021:11:00:42 +0800] 0:0:0:0:0:0:0:1 [GET /copyright HTTP/1.1] 302 43
[07/Jan/2021:11:00:42 +0800] 0:0:0:0:0:0:0:1 [GET /toLogin HTTP/1.1] 200 166
[07/Jan/2021:11:00:42 +0800] 0:0:0:0:0:0:0:1 [GET /toLogin HTTP/1.1] 200 3
[07/Jan/2021:11:00:44 +0800] 0:0:0:0:0:0:0:1 [GET / HTTP/1.1] 302 2
[07/Jan/2021:11:00:44 +0800] 0:0:0:0:0:0:0:1 [GET /toLogin HTTP/1.1] 200 2
[07/Jan/2021:11:00:46 +0800] 0:0:0:0:0:0:0:1 [POST /doLogin HTTP/1.1] 302 29
[07/Jan/2021:11:00:46 +0800] 0:0:0:0:0:0:0:1 [GET / HTTP/1.1] 200 82
[07/Jan/2021:11:00:46 +0800] 0:0:0:0:0:0:0:1 [GET /welcome HTTP/1.1] 200 7
[07/Jan/2021:11:00:49 +0800] 0:0:0:0:0:0:0:1 [GET /single_grid/list/sys_users HTTP/1.1] 200 171
[07/Jan/2021:11:00:50 +0800] 0:0:0:0:0:0:0:1 [GET /meta/object/eova_user_code HTTP/1.1] 200 9
[07/Jan/2021:11:00:50 +0800] 0:0:0:0:0:0:0:1 [GET /meta/fields/eova_user_code HTTP/1.1] 200 8
[07/Jan/2021:11:00:50 +0800] 0:0:0:0:0:0:0:1 [GET /widget/comboJson/eova_user_code-rid HTTP/1.1] 200 80
[07/Jan/2021:11:00:50 +0800] 0:0:0:0:0:0:0:1 [GET /grid/query/eova_user_code-sys_users?page=1&limit=15 HTTP/1.1] 200 27
[07/Jan/2021:11:05:15 +0800] 0:0:0:0:0:0:0:1 [GET /grid/query/eova_user_code-sys_users?page=1&limit=15&query_rid=&query_login_id= HTTP/1.1] 200 10
[07/Jan/2021:11:05:58 +0800] 0:0:0:0:0:0:0:1 [GET /grid/query/eova_user_code-sys_users?page=1&limit=15&query_rid=&query_login_id= HTTP/1.1] 200 11
[07/Jan/2021:11:06:29 +0800] 0:0:0:0:0:0:0:1 [GET /eova/plugins/layui/dist/css/modules/layer/default/loading-1.gif HTTP/1.1] 200 10
[07/Jan/2021:11:06:29 +0800] 0:0:0:0:0:0:0:1 [GET /eova/plugins/layui/dist/css/modules/layer/default/icon.png HTTP/1.1] 200 10
[07/Jan/2021:11:06:29 +0800] 0:0:0:0:0:0:0:1 [GET /form/add/eova_user_code HTTP/1.1] 200 45
[07/Jan/2021:11:06:29 +0800] 0:0:0:0:0:0:0:1 [GET /eova/plugins/jsoneditor/jsoneditor.min.css HTTP/1.1] 200 14
[07/Jan/2021:11:06:29 +0800] 0:0:0:0:0:0:0:1 [GET /eova/plugins/zyupload/control/css/zyUpload.css HTTP/1.1] 200 11
[07/Jan/2021:11:06:29 +0800] 0:0:0:0:0:0:0:1 [GET /eova/ui/css/eova.layout.css HTTP/1.1] 200 14
[07/Jan/2021:11:06:29 +0800] 0:0:0:0:0:0:0:1 [GET /eova/plugins/wangEditor/dist/css/wangEditor.min.css HTTP/1.1] 200 28
[07/Jan/2021:11:06:29 +0800] 0:0:0:0:0:0:0:1 [GET /eova/plugins/wangEditor/dist/js/wangEditor.min.js HTTP/1.1] 200 17
[07/Jan/2021:11:06:29 +0800] 0:0:0:0:0:0:0:1 [GET /eova/plugins/zyupload/control/js/zyUpload.js HTTP/1.1] 200 7
[07/Jan/2021:11:06:29 +0800] 0:0:0:0:0:0:0:1 [GET /eova/plugins/jsoneditor/jsoneditor.min.js HTTP/1.1] 200 37
[07/Jan/2021:11:06:29 +0800] 0:0:0:0:0:0:0:1 [GET /eova/plugins/upload/jquery-upload.js HTTP/1.1] 200 32
[07/Jan/2021:11:06:29 +0800] 0:0:0:0:0:0:0:1 [GET /eova/ui/js/form.js HTTP/1.1] 200 26
[07/Jan/2021:11:06:29 +0800] 0:0:0:0:0:0:0:1 [GET /eova/plugins/zyupload/core/zyFile.js HTTP/1.1] 200 31
[07/Jan/2021:11:06:29 +0800] 0:0:0:0:0:0:0:1 [GET /widget/comboJson/eova_user_code-rid HTTP/1.1] 200 5
[07/Jan/2021:11:07:10 +0800] 0:0:0:0:0:0:0:1 [GET /single_grid/list/sys_auth_role HTTP/1.1] 200 15
[07/Jan/2021:11:07:10 +0800] 0:0:0:0:0:0:0:1 [GET /meta/object/eova_role_code HTTP/1.1] 200 3
[07/Jan/2021:11:07:10 +0800] 0:0:0:0:0:0:0:1 [GET /meta/fields/eova_role_code HTTP/1.1] 200 3
[07/Jan/2021:11:07:10 +0800] 0:0:0:0:0:0:0:1 [GET /grid/query/eova_role_code-sys_auth_role?page=1&limit=15 HTTP/1.1] 200 10
[07/Jan/2021:11:07:59 +0800] 0:0:0:0:0:0:0:1 [GET /single_grid/list/eova_dict HTTP/1.1] 200 18
[07/Jan/2021:11:07:59 +0800] 0:0:0:0:0:0:0:1 [GET /meta/object/dicts HTTP/1.1] 200 3
[07/Jan/2021:11:07:59 +0800] 0:0:0:0:0:0:0:1 [GET /meta/fields/dicts HTTP/1.1] 200 3
[07/Jan/2021:11:07:59 +0800] 0:0:0:0:0:0:0:1 [GET /grid/query/dicts-eova_dict?page=1&limit=15 HTTP/1.1] 200 21
[07/Jan/2021:11:08:08 +0800] 0:0:0:0:0:0:0:1 [GET /druid HTTP/1.1] 302 2
[07/Jan/2021:11:08:08 +0800] 0:0:0:0:0:0:0:1 [GET /druid/index.html HTTP/1.1] 200 2
[07/Jan/2021:11:08:08 +0800] 0:0:0:0:0:0:0:1 [GET /druid/css/style.css HTTP/1.1] 200 4
[07/Jan/2021:11:08:08 +0800] 0:0:0:0:0:0:0:1 [GET /druid/js/lang.js HTTP/1.1] 200 7
[07/Jan/2021:11:08:08 +0800] 0:0:0:0:0:0:0:1 [GET /druid/js/common.js HTTP/1.1] 200 7
[07/Jan/2021:11:08:08 +0800] 0:0:0:0:0:0:0:1 [GET /druid/css/bootstrap.min.css HTTP/1.1] 200 11
[07/Jan/2021:11:08:08 +0800] 0:0:0:0:0:0:0:1 [GET /druid/js/jquery.min.js HTTP/1.1] 200 13
[07/Jan/2021:11:08:09 +0800] 0:0:0:0:0:0:0:1 [GET /druid/header.html HTTP/1.1] 200 2
[07/Jan/2021:11:08:09 +0800] 0:0:0:0:0:0:0:1 [POST /druid/basic.json HTTP/1.1] 200 5
[07/Jan/2021:11:08:37 +0800] 0:0:0:0:0:0:0:1 [GET /single_grid/list/error_log_menu HTTP/1.1] 200 16
[07/Jan/2021:11:08:37 +0800] 0:0:0:0:0:0:0:1 [GET /meta/object/error_log HTTP/1.1] 200 3
[07/Jan/2021:11:08:37 +0800] 0:0:0:0:0:0:0:1 [GET /meta/fields/error_log HTTP/1.1] 200 3
[07/Jan/2021:11:08:37 +0800] 0:0:0:0:0:0:0:1 [GET /grid/query/error_log-error_log_menu?page=1&limit=15 HTTP/1.1] 200 10
[07/Jan/2021:11:08:52 +0800] 0:0:0:0:0:0:0:1 [GET /single_tree/list/eova_menu HTTP/1.1] 200 28
[07/Jan/2021:11:08:52 +0800] 0:0:0:0:0:0:0:1 [GET /eova/template/singletree/default.htm HTTP/1.1] 200 2
[07/Jan/2021:11:08:52 +0800] 0:0:0:0:0:0:0:1 [GET /meta/object/eova_menu_code HTTP/1.1] 200 2
[07/Jan/2021:11:08:52 +0800] 0:0:0:0:0:0:0:1 [GET /meta/fields/eova_menu_code HTTP/1.1] 200 3
[07/Jan/2021:11:08:52 +0800] 0:0:0:0:0:0:0:1 [GET /tree/query/eova_menu_code-eova_menu HTTP/1.1] 200 14
[07/Jan/2021:11:08:52 +0800] 0:0:0:0:0:0:0:1 [GET /eova/plugins/ztree/css/metroStyle/img/metro.png HTTP/1.1] 200 3
[07/Jan/2021:11:08:52 +0800] 0:0:0:0:0:0:0:1 [GET /eova/plugins/ztree/css/metroStyle/img/line_conn.png HTTP/1.1] 200 2
[07/Jan/2021:12:47:04 +0800] 127.0.0.1 [GET / HTTP/1.1] 302 42
[07/Jan/2021:12:47:04 +0800] 127.0.0.1 [GET /toLogin HTTP/1.1] 200 165
[07/Jan/2021:12:47:04 +0800] 0:0:0:0:0:0:0:1 [GET /eova/plugins/layui/dist/layui.js HTTP/1.1] 200 17
[07/Jan/2021:12:47:04 +0800] 127.0.0.1 [GET /eova/plugins/layui/dist/css/layui.css HTTP/1.1] 200 19
[07/Jan/2021:12:47:04 +0800] 127.0.0.1 [GET /eova/ui/js/jquery.min.js HTTP/1.1] 200 28
[07/Jan/2021:12:47:04 +0800] 127.0.0.1 [GET /eova/plugins/layui/dist/css/modules/layer/default/layer.css?v=3.1.1 HTTP/1.1] 200 10
[07/Jan/2021:12:47:05 +0800] 127.0.0.1 [POST /doLogin HTTP/1.1] 302 24
[07/Jan/2021:12:47:05 +0800] 127.0.0.1 [GET / HTTP/1.1] 200 59
[07/Jan/2021:12:47:05 +0800] 127.0.0.1 [GET /eova/plugins/eova/theme/icon/icon.css?v=2.1.1 HTTP/1.1] 200 16
[07/Jan/2021:12:47:05 +0800] 0:0:0:0:0:0:0:1 [GET /eova/ui/js/common.js?v=2.1.1 HTTP/1.1] 200 11
[07/Jan/2021:12:47:05 +0800] 0:0:0:0:0:0:0:1 [GET /eova/ui/js/index.js?v=2.1.1 HTTP/1.1] 200 14
[07/Jan/2021:12:47:05 +0800] 0:0:0:0:0:0:0:1 [GET /eova/plugins/eova/copyright/eova.defense.min.js?v=2.1.1 HTTP/1.1] 200 16
[07/Jan/2021:12:47:05 +0800] 127.0.0.1 [GET /eova/plugins/eova/eova.min.js?v=2.1.1 HTTP/1.1] 200 19
[07/Jan/2021:12:47:05 +0800] 0:0:0:0:0:0:0:1 [GET /welcome HTTP/1.1] 200 14
[07/Jan/2021:12:47:15 +0800] 0:0:0:0:0:0:0:1 [GET /druid HTTP/1.1] 302 2
[07/Jan/2021:12:47:15 +0800] 0:0:0:0:0:0:0:1 [GET /druid/index.html HTTP/1.1] 200 3
[07/Jan/2021:12:47:15 +0800] 127.0.0.1 [GET /druid/css/style.css HTTP/1.1] 200 4
[07/Jan/2021:12:47:15 +0800] 0:0:0:0:0:0:0:1 [GET /druid/js/common.js HTTP/1.1] 200 5
[07/Jan/2021:12:47:15 +0800] 0:0:0:0:0:0:0:1 [GET /druid/js/lang.js HTTP/1.1] 200 5
[07/Jan/2021:12:47:15 +0800] 0:0:0:0:0:0:0:1 [GET /druid/js/jquery.min.js HTTP/1.1] 200 9
[07/Jan/2021:12:47:15 +0800] 0:0:0:0:0:0:0:1 [GET /druid/css/bootstrap.min.css HTTP/1.1] 200 13
[07/Jan/2021:12:47:15 +0800] 0:0:0:0:0:0:0:1 [GET /druid/header.html HTTP/1.1] 200 3
[07/Jan/2021:12:47:15 +0800] 0:0:0:0:0:0:0:1 [POST /druid/basic.json HTTP/1.1] 200 11
[07/Jan/2021:12:47:31 +0800] 0:0:0:0:0:0:0:1 [GET /druid/sql.html HTTP/1.1] 200 2
[07/Jan/2021:12:47:31 +0800] 0:0:0:0:0:0:0:1 [GET /druid/css/style.css HTTP/1.1] 200 5
[07/Jan/2021:12:47:31 +0800] 0:0:0:0:0:0:0:1 [GET /druid/css/bootstrap.min.css HTTP/1.1] 200 7
[07/Jan/2021:12:47:31 +0800] 127.0.0.1 [GET /druid/js/lang.js HTTP/1.1] 200 5
[07/Jan/2021:12:47:31 +0800] 0:0:0:0:0:0:0:1 [GET /druid/js/bootstrap.min.js HTTP/1.1] 200 6
[07/Jan/2021:12:47:31 +0800] 127.0.0.1 [GET /druid/js/common.js HTTP/1.1] 200 4
[07/Jan/2021:12:47:31 +0800] 0:0:0:0:0:0:0:1 [GET /druid/js/jquery.min.js HTTP/1.1] 200 9
[07/Jan/2021:12:47:31 +0800] 0:0:0:0:0:0:0:1 [GET /druid/header.html HTTP/1.1] 200 3
[07/Jan/2021:12:47:31 +0800] 127.0.0.1 [POST /druid/sql.json?orderBy=SQL&orderType=desc&page=1&perPageCount=1000000& HTTP/1.1] 200 54
[07/Jan/2021:12:47:31 +0800] 0:0:0:0:0:0:0:1 [POST /druid/sql.json?orderBy=SQL&orderType=desc&page=1&perPageCount=1000000& HTTP/1.1] 200 55
[07/Jan/2021:12:47:37 +0800] 0:0:0:0:0:0:0:1 [POST /druid/sql.json?orderBy=SQL&orderType=desc&page=1&perPageCount=1000000& HTTP/1.1] 200 5
[07/Jan/2021:12:47:43 +0800] 0:0:0:0:0:0:0:1 [POST /druid/sql.json?orderBy=SQL&orderType=desc&page=1&perPageCount=1000000& HTTP/1.1] 200 5
[07/Jan/2021:12:47:49 +0800] 0:0:0:0:0:0:0:1 [POST /druid/sql.json?orderBy=SQL&orderType=desc&page=1&perPageCount=1000000& HTTP/1.1] 200 3
[07/Jan/2021:12:47:55 +0800] 0:0:0:0:0:0:0:1 [POST /druid/sql.json?orderBy=SQL&orderType=desc&page=1&perPageCount=1000000& HTTP/1.1] 200 4
[07/Jan/2021:12:48:01 +0800] 0:0:0:0:0:0:0:1 [POST /druid/sql.json?orderBy=SQL&orderType=desc&page=1&perPageCount=1000000& HTTP/1.1] 200 4
[07/Jan/2021:12:48:07 +0800] 0:0:0:0:0:0:0:1 [POST /druid/sql.json?orderBy=SQL&orderType=desc&page=1&perPageCount=1000000& HTTP/1.1] 200 3
[07/Jan/2021:12:48:13 +0800] 0:0:0:0:0:0:0:1 [POST /druid/sql.json?orderBy=SQL&orderType=desc&page=1&perPageCount=1000000& HTTP/1.1] 200 4
[07/Jan/2021:12:48:19 +0800] 0:0:0:0:0:0:0:1 [POST /druid/sql.json?orderBy=SQL&orderType=desc&page=1&perPageCount=1000000& HTTP/1.1] 200 3
[07/Jan/2021:12:48:25 +0800] 0:0:0:0:0:0:0:1 [POST /druid/sql.json?orderBy=SQL&orderType=desc&page=1&perPageCount=1000000& HTTP/1.1] 200 2
[07/Jan/2021:12:48:31 +0800] 0:0:0:0:0:0:0:1 [POST /druid/sql.json?orderBy=SQL&orderType=desc&page=1&perPageCount=1000000& HTTP/1.1] 200 2
[07/Jan/2021:12:48:37 +0800] 0:0:0:0:0:0:0:1 [POST /druid/sql.json?orderBy=SQL&orderType=desc&page=1&perPageCount=1000000& HTTP/1.1] 200 2
[07/Jan/2021:12:48:43 +0800] 0:0:0:0:0:0:0:1 [POST /druid/sql.json?orderBy=SQL&orderType=desc&page=1&perPageCount=1000000& HTTP/1.1] 200 2
[07/Jan/2021:12:48:49 +0800] 0:0:0:0:0:0:0:1 [POST /druid/sql.json?orderBy=SQL&orderType=desc&page=1&perPageCount=1000000& HTTP/1.1] 200 4
[07/Jan/2021:12:48:55 +0800] 0:0:0:0:0:0:0:1 [POST /druid/sql.json?orderBy=SQL&orderType=desc&page=1&perPageCount=1000000& HTTP/1.1] 200 36
[07/Jan/2021:12:49:01 +0800] 0:0:0:0:0:0:0:1 [POST /druid/sql.json?orderBy=SQL&orderType=desc&page=1&perPageCount=1000000& HTTP/1.1] 200 2
[07/Jan/2021:12:49:07 +0800] 0:0:0:0:0:0:0:1 [POST /druid/sql.json?orderBy=SQL&orderType=desc&page=1&perPageCount=1000000& HTTP/1.1] 200 2
[07/Jan/2021:12:49:10 +0800] 0:0:0:0:0:0:0:1 [GET /druid/wall.html HTTP/1.1] 200 2
[07/Jan/2021:12:49:10 +0800] 0:0:0:0:0:0:0:1 [GET /druid/css/style.css HTTP/1.1] 200 4
[07/Jan/2021:12:49:10 +0800] 0:0:0:0:0:0:0:1 [GET /druid/css/bootstrap.min.css HTTP/1.1] 200 6
[07/Jan/2021:12:49:10 +0800] 0:0:0:0:0:0:0:1 [GET /druid/js/bootstrap.min.js HTTP/1.1] 200 5
[07/Jan/2021:12:49:10 +0800] 0:0:0:0:0:0:0:1 [GET /druid/js/jquery.min.js HTTP/1.1] 200 6
[07/Jan/2021:12:49:10 +0800] 0:0:0:0:0:0:0:1 [GET /druid/js/lang.js HTTP/1.1] 200 6
[07/Jan/2021:12:49:10 +0800] 0:0:0:0:0:0:0:1 [GET /druid/js/common.js HTTP/1.1] 200 6
[07/Jan/2021:12:49:10 +0800] 0:0:0:0:0:0:0:1 [GET /druid/header.html HTTP/1.1] 200 2
[07/Jan/2021:12:49:10 +0800] 0:0:0:0:0:0:0:1 [POST /druid/wall.json?orderBy=&orderType=asc&page=1&perPageCount=1000000& HTTP/1.1] 200 5
[07/Jan/2021:12:49:13 +0800] 0:0:0:0:0:0:0:1 [GET /druid/webapp.html HTTP/1.1] 200 2
[07/Jan/2021:12:49:13 +0800] 0:0:0:0:0:0:0:1 [GET /druid/css/bootstrap.min.css HTTP/1.1] 200 6
[07/Jan/2021:12:49:13 +0800] 0:0:0:0:0:0:0:1 [GET /druid/js/lang.js HTTP/1.1] 200 3
[07/Jan/2021:12:49:13 +0800] 0:0:0:0:0:0:0:1 [GET /druid/css/style.css HTTP/1.1] 200 7
[07/Jan/2021:12:49:13 +0800] 0:0:0:0:0:0:0:1 [GET /druid/js/bootstrap.min.js HTTP/1.1] 200 4
[07/Jan/2021:12:49:13 +0800] 0:0:0:0:0:0:0:1 [GET /druid/js/doT.js HTTP/1.1] 200 7
[07/Jan/2021:12:49:13 +0800] 0:0:0:0:0:0:0:1 [GET /druid/js/jquery.min.js HTTP/1.1] 200 6
[07/Jan/2021:12:49:13 +0800] 0:0:0:0:0:0:0:1 [GET /druid/js/common.js HTTP/1.1] 200 2
[07/Jan/2021:12:49:13 +0800] 0:0:0:0:0:0:0:1 [GET /druid/header.html HTTP/1.1] 200 2
[07/Jan/2021:12:49:13 +0800] 0:0:0:0:0:0:0:1 [POST /druid/webapp.json HTTP/1.1] 200 3
[07/Jan/2021:12:49:19 +0800] 0:0:0:0:0:0:0:1 [GET /druid/weburi.html HTTP/1.1] 200 1
[07/Jan/2021:12:49:19 +0800] 0:0:0:0:0:0:0:1 [GET /druid/js/common.js HTTP/1.1] 200 2
[07/Jan/2021:12:49:19 +0800] 0:0:0:0:0:0:0:1 [GET /druid/css/style.css HTTP/1.1] 200 3
[07/Jan/2021:12:49:19 +0800] 0:0:0:0:0:0:0:1 [GET /druid/css/bootstrap.min.css HTTP/1.1] 200 3
[07/Jan/2021:12:49:19 +0800] 0:0:0:0:0:0:0:1 [GET /druid/js/lang.js HTTP/1.1] 200 3
[07/Jan/2021:12:49:19 +0800] 0:0:0:0:0:0:0:1 [GET /druid/js/jquery.min.js HTTP/1.1] 200 4
[07/Jan/2021:12:49:19 +0800] 0:0:0:0:0:0:0:1 [POST /druid/weburi.json?orderBy=URI&orderType=desc&page=1&perPageCount=1000000& HTTP/1.1] 200 2
[07/Jan/2021:12:49:19 +0800] 0:0:0:0:0:0:0:1 [GET /druid/header.html HTTP/1.1] 200 2
[07/Jan/2021:12:49:19 +0800] 0:0:0:0:0:0:0:1 [POST /druid/weburi.json?orderBy=URI&orderType=desc&page=1&perPageCount=1000000& HTTP/1.1] 200 2
[07/Jan/2021:12:49:24 +0800] 0:0:0:0:0:0:0:1 [POST /druid/weburi.json?orderBy=URI&orderType=desc&page=1&perPageCount=1000000& HTTP/1.1] 200 1
[07/Jan/2021:12:49:28 +0800] 0:0:0:0:0:0:0:1 [POST /druid/weburi.json?orderBy=URI&orderType=asc&page=1&perPageCount=1000000& HTTP/1.1] 200 1
[07/Jan/2021:12:49:28 +0800] 0:0:0:0:0:0:0:1 [POST /druid/weburi.json?orderBy=URI&orderType=desc&page=1&perPageCount=1000000& HTTP/1.1] 200 2
[07/Jan/2021:12:49:29 +0800] 0:0:0:0:0:0:0:1 [POST /druid/weburi.json?orderBy=URI&orderType=desc&page=1&perPageCount=1000000& HTTP/1.1] 200 1
[07/Jan/2021:12:49:30 +0800] 0:0:0:0:0:0:0:1 [POST /druid/weburi.json?orderBy=RequestTimeMillisMax&orderType=desc&page=1&perPageCount=1000000& HTTP/1.1] 200 1
[07/Jan/2021:12:49:32 +0800] 0:0:0:0:0:0:0:1 [GET /druid/websession.html HTTP/1.1] 200 1
[07/Jan/2021:12:49:32 +0800] 0:0:0:0:0:0:0:1 [GET /druid/css/style.css HTTP/1.1] 200 2
[07/Jan/2021:12:49:32 +0800] 0:0:0:0:0:0:0:1 [GET /druid/css/bootstrap.min.css HTTP/1.1] 200 4
[07/Jan/2021:12:49:32 +0800] 0:0:0:0:0:0:0:1 [GET /druid/js/common.js HTTP/1.1] 200 3
[07/Jan/2021:12:49:32 +0800] 0:0:0:0:0:0:0:1 [GET /druid/js/lang.js HTTP/1.1] 200 5
[07/Jan/2021:12:49:32 +0800] 0:0:0:0:0:0:0:1 [GET /druid/js/jquery.min.js HTTP/1.1] 200 6
[07/Jan/2021:12:49:32 +0800] 0:0:0:0:0:0:0:1 [POST /druid/websession.json?orderBy=&orderType=asc&page=1&perPageCount=1000000& HTTP/1.1] 200 2
[07/Jan/2021:12:49:32 +0800] 0:0:0:0:0:0:0:1 [GET /druid/header.html HTTP/1.1] 200 2
[07/Jan/2021:12:49:34 +0800] 0:0:0:0:0:0:0:1 [GET /druid/spring.html HTTP/1.1] 200 1
[07/Jan/2021:12:49:34 +0800] 0:0:0:0:0:0:0:1 [GET /druid/css/bootstrap.min.css HTTP/1.1] 200 3
[07/Jan/2021:12:49:34 +0800] 0:0:0:0:0:0:0:1 [GET /druid/css/style.css HTTP/1.1] 200 2
[07/Jan/2021:12:49:34 +0800] 0:0:0:0:0:0:0:1 [GET /druid/js/common.js HTTP/1.1] 200 2
[07/Jan/2021:12:49:34 +0800] 0:0:0:0:0:0:0:1 [GET /druid/js/lang.js HTTP/1.1] 200 2
[07/Jan/2021:12:49:34 +0800] 0:0:0:0:0:0:0:1 [GET /druid/js/jquery.min.js HTTP/1.1] 200 4
[07/Jan/2021:12:49:34 +0800] 0:0:0:0:0:0:0:1 [GET /druid/header.html HTTP/1.1] 200 2
[07/Jan/2021:12:49:34 +0800] 0:0:0:0:0:0:0:1 [POST /druid/spring.json?orderBy=&orderType=asc&page=1&perPageCount=1000000& HTTP/1.1] 200 2
[07/Jan/2021:12:49:36 +0800] 0:0:0:0:0:0:0:1 [GET /druid/api.html HTTP/1.1] 200 1
[07/Jan/2021:12:49:36 +0800] 0:0:0:0:0:0:0:1 [GET /druid/css/style.css HTTP/1.1] 200 1
[07/Jan/2021:12:49:36 +0800] 0:0:0:0:0:0:0:1 [GET /druid/js/common.js HTTP/1.1] 200 3
[07/Jan/2021:12:49:36 +0800] 0:0:0:0:0:0:0:1 [GET /druid/js/lang.js HTTP/1.1] 200 3
[07/Jan/2021:12:49:36 +0800] 0:0:0:0:0:0:0:1 [GET /druid/css/bootstrap.min.css HTTP/1.1] 200 3
[07/Jan/2021:12:49:36 +0800] 0:0:0:0:0:0:0:1 [GET /druid/js/jquery.min.js HTTP/1.1] 200 3
[07/Jan/2021:12:49:36 +0800] 0:0:0:0:0:0:0:1 [GET /druid/header.html HTTP/1.1] 200 2
[07/Jan/2021:12:49:40 +0800] 0:0:0:0:0:0:0:1 [GET /druid/index.html HTTP/1.1] 200 1
[07/Jan/2021:12:49:40 +0800] 0:0:0:0:0:0:0:1 [GET /druid/js/lang.js HTTP/1.1] 200 2
[07/Jan/2021:12:49:40 +0800] 0:0:0:0:0:0:0:1 [GET /druid/css/style.css HTTP/1.1] 200 4
[07/Jan/2021:12:49:40 +0800] 0:0:0:0:0:0:0:1 [GET /druid/js/common.js HTTP/1.1] 200 3
[07/Jan/2021:12:49:40 +0800] 0:0:0:0:0:0:0:1 [GET /druid/js/jquery.min.js HTTP/1.1] 200 4
[07/Jan/2021:12:49:40 +0800] 0:0:0:0:0:0:0:1 [GET /druid/css/bootstrap.min.css HTTP/1.1] 200 5
[07/Jan/2021:12:49:40 +0800] 0:0:0:0:0:0:0:1 [GET /druid/header.html HTTP/1.1] 200 2
[07/Jan/2021:12:49:40 +0800] 0:0:0:0:0:0:0:1 [POST /druid/basic.json HTTP/1.1] 200 3
[07/Jan/2021:12:49:50 +0800] 0:0:0:0:0:0:0:1 [GET /single_grid/list/error_log_menu HTTP/1.1] 200 115
[07/Jan/2021:12:49:50 +0800] 0:0:0:0:0:0:0:1 [GET /eova/plugins/eova/i18n/zh_CN.js HTTP/1.1] 200 9
[07/Jan/2021:12:49:50 +0800] 0:0:0:0:0:0:0:1 [GET /eova/plugins/ztree/js/jquery.ztree.all.min.js HTTP/1.1] 200 9
[07/Jan/2021:12:49:50 +0800] 0:0:0:0:0:0:0:1 [GET /eova/ui/js/table.js?v=2.1.1 HTTP/1.1] 200 15
[07/Jan/2021:12:49:50 +0800] 0:0:0:0:0:0:0:1 [GET /eova/ui/js/json2-min.js HTTP/1.1] 200 17
[07/Jan/2021:12:49:50 +0800] 0:0:0:0:0:0:0:1 [GET /eova/plugins/nice/jquery.validator.min.js?local=zh-CN HTTP/1.1] 200 14
[07/Jan/2021:12:49:50 +0800] 0:0:0:0:0:0:0:1 [GET /eova/plugins/easyui/jquery.easyui.min.js HTTP/1.1] 200 26
[07/Jan/2021:12:49:50 +0800] 0:0:0:0:0:0:0:1 [GET /eova/plugins/My97DatePicker/WdatePicker.js HTTP/1.1] 200 12
[07/Jan/2021:12:49:50 +0800] 0:0:0:0:0:0:0:1 [GET /eova/plugins/format/jsformat.js HTTP/1.1] 200 13
[07/Jan/2021:12:49:50 +0800] 0:0:0:0:0:0:0:1 [GET /eova/ui/js/operation.js HTTP/1.1] 200 23
[07/Jan/2021:12:49:50 +0800] 0:0:0:0:0:0:0:1 [GET /meta/object/error_log HTTP/1.1] 200 6
[07/Jan/2021:12:49:50 +0800] 0:0:0:0:0:0:0:1 [GET /meta/fields/error_log HTTP/1.1] 200 5
[07/Jan/2021:12:49:50 +0800] 0:0:0:0:0:0:0:1 [GET /grid/query/error_log-error_log_menu?page=1&limit=15 HTTP/1.1] 200 19
[07/Jan/2021:12:49:57 +0800] 0:0:0:0:0:0:0:1 [GET /single_tree/list/eova_menu HTTP/1.1] 200 54
[07/Jan/2021:12:49:57 +0800] 0:0:0:0:0:0:0:1 [GET /meta/object/eova_menu_code HTTP/1.1] 200 3
[07/Jan/2021:12:49:57 +0800] 0:0:0:0:0:0:0:1 [GET /meta/fields/eova_menu_code HTTP/1.1] 200 7
[07/Jan/2021:12:49:57 +0800] 0:0:0:0:0:0:0:1 [GET /tree/query/eova_menu_code-eova_menu HTTP/1.1] 200 12
[07/Jan/2021:12:49:59 +0800] 0:0:0:0:0:0:0:1 [GET /tree_grid/list/eova_button HTTP/1.1] 200 33
[07/Jan/2021:12:49:59 +0800] 0:0:0:0:0:0:0:1 [GET /meta/object/eova_menu_code HTTP/1.1] 200 3
[07/Jan/2021:12:49:59 +0800] 0:0:0:0:0:0:0:1 [GET /meta/fields/eova_menu_code HTTP/1.1] 200 4
[07/Jan/2021:12:49:59 +0800] 0:0:0:0:0:0:0:1 [GET /tree/query/eova_menu_code-eova_button HTTP/1.1] 200 7
[07/Jan/2021:12:49:59 +0800] 0:0:0:0:0:0:0:1 [GET /meta/object/eova_button_code HTTP/1.1] 200 3
[07/Jan/2021:12:49:59 +0800] 0:0:0:0:0:0:0:1 [GET /meta/fields/eova_button_code HTTP/1.1] 200 3
[07/Jan/2021:12:49:59 +0800] 0:0:0:0:0:0:0:1 [GET /grid/query/eova_button_code-eova_button?page=1&limit=15 HTTP/1.1] 200 13
[07/Jan/2021:12:49:59 +0800] 0:0:0:0:0:0:0:1 [GET /eova/plugins/easyui/themes/gray/images/tree_icons.png HTTP/1.1] 200 2
[07/Jan/2021:12:50:05 +0800] 0:0:0:0:0:0:0:1 [GET /master_slave_grid/list/eova_object HTTP/1.1] 200 49
[07/Jan/2021:12:50:05 +0800] 0:0:0:0:0:0:0:1 [GET /meta/object/eova_object_code HTTP/1.1] 200 4
[07/Jan/2021:12:50:05 +0800] 0:0:0:0:0:0:0:1 [GET /meta/fields/eova_object_code HTTP/1.1] 200 3
[07/Jan/2021:12:50:05 +0800] 0:0:0:0:0:0:0:1 [GET /meta/object/eova_field_code HTTP/1.1] 200 3
[07/Jan/2021:12:50:05 +0800] 0:0:0:0:0:0:0:1 [GET /meta/fields/eova_field_code HTTP/1.1] 200 7
[07/Jan/2021:12:50:05 +0800] 0:0:0:0:0:0:0:1 [GET /grid/query/eova_object_code-eova_object?page=1&limit=15 HTTP/1.1] 200 12
[07/Jan/2021:12:50:05 +0800] 0:0:0:0:0:0:0:1 [GET /grid/query/eova_field_code?page=1&limit=5000&query_object_code=5201314666 HTTP/1.1] 200 60
[07/Jan/2021:12:50:11 +0800] 0:0:0:0:0:0:0:1 [GET /meta/imports HTTP/1.1] 200 18
[07/Jan/2021:12:50:15 +0800] 0:0:0:0:0:0:0:1 [GET /meta/find/main-table HTTP/1.1] 200 17
[07/Jan/2021:12:50:15 +0800] 0:0:0:0:0:0:0:1 [GET /meta/findJson/main-table?page=1&limit=5000 HTTP/1.1] 200 7
[07/Jan/2021:12:50:26 +0800] 0:0:0:0:0:0:0:1 [GET /single_grid/list/sys_auth_role HTTP/1.1] 200 10
[07/Jan/2021:12:50:26 +0800] 0:0:0:0:0:0:0:1 [GET /meta/object/eova_role_code HTTP/1.1] 200 2
[07/Jan/2021:12:50:26 +0800] 0:0:0:0:0:0:0:1 [GET /meta/fields/eova_role_code HTTP/1.1] 200 3
[07/Jan/2021:12:50:26 +0800] 0:0:0:0:0:0:0:1 [GET /grid/query/eova_role_code-sys_auth_role?page=1&limit=15 HTTP/1.1] 200 14
[07/Jan/2021:12:50:28 +0800] 0:0:0:0:0:0:0:1 [GET /config HTTP/1.1] 200 18
[07/Jan/2021:12:50:28 +0800] 0:0:0:0:0:0:0:1 [GET /eova/plugins/layui/dist/lay/modules/jquery.js HTTP/1.1] 200 4
[07/Jan/2021:13:07:06 +0800] 0:0:0:0:0:0:0:1 [GET /copyright HTTP/1.1] 200 2
[07/Jan/2021:13:09:50 +0800] 0:0:0:0:0:0:0:1 [GET /copyright HTTP/1.1] 200 1
[07/Jan/2021:13:09:58 +0800] 0:0:0:0:0:0:0:1 [GET /copyright HTTP/1.1] 200 1
[07/Jan/2021:13:09:59 +0800] 0:0:0:0:0:0:0:1 [GET /copyright HTTP/1.1] 200 1
[07/Jan/2021:13:10:05 +0800] 0:0:0:0:0:0:0:1 [GET /copyright HTTP/1.1] 200 1
[07/Jan/2021:13:10:26 +0800] 0:0:0:0:0:0:0:1 [GET /copyright HTTP/1.1] 200 1
[07/Jan/2021:17:38:45 +0800] 0:0:0:0:0:0:0:1 [GET /single_grid/list/sys_log HTTP/1.1] 302 2
[07/Jan/2021:17:38:45 +0800] 0:0:0:0:0:0:0:1 [GET /toLogin HTTP/1.1] 200 2
[07/Jan/2021:17:38:45 +0800] 0:0:0:0:0:0:0:1 [GET /toLogin HTTP/1.1] 200 2
[07/Jan/2021:17:38:47 +0800] 0:0:0:0:0:0:0:1 [POST /doLogin HTTP/1.1] 302 7
[07/Jan/2021:17:38:47 +0800] 0:0:0:0:0:0:0:1 [GET / HTTP/1.1] 200 17
[07/Jan/2021:17:38:47 +0800] 0:0:0:0:0:0:0:1 [GET /welcome HTTP/1.1] 200 2
[07/Jan/2021:17:38:48 +0800] 0:0:0:0:0:0:0:1 [GET /single_grid/list/sys_users HTTP/1.1] 200 22
[07/Jan/2021:17:38:48 +0800] 0:0:0:0:0:0:0:1 [GET /meta/object/eova_user_code HTTP/1.1] 200 2
[07/Jan/2021:17:38:48 +0800] 0:0:0:0:0:0:0:1 [GET /meta/fields/eova_user_code HTTP/1.1] 200 3
[07/Jan/2021:17:38:48 +0800] 0:0:0:0:0:0:0:1 [GET /widget/comboJson/eova_user_code-rid HTTP/1.1] 200 4
[07/Jan/2021:17:38:49 +0800] 0:0:0:0:0:0:0:1 [GET /grid/query/eova_user_code-sys_users?page=1&limit=15 HTTP/1.1] 200 10
[07/Jan/2021:17:38:57 +0800] 0:0:0:0:0:0:0:1 [GET /single_grid/list/org HTTP/1.1] 200 9
[07/Jan/2021:17:38:57 +0800] 0:0:0:0:0:0:0:1 [GET /meta/object/nat_cellctor_org HTTP/1.1] 200 2
[07/Jan/2021:17:38:57 +0800] 0:0:0:0:0:0:0:1 [GET /meta/fields/nat_cellctor_org HTTP/1.1] 200 2
[07/Jan/2021:17:38:57 +0800] 0:0:0:0:0:0:0:1 [GET /grid/query/nat_cellctor_org-org?page=1&limit=15 HTTP/1.1] 200 9
[07/Jan/2021:17:39:07 +0800] 0:0:0:0:0:0:0:1 [GET /config HTTP/1.1] 200 2
[07/Jan/2021:17:39:07 +0800] 0:0:0:0:0:0:0:1 [GET /eova/plugins/layui/dist/lay/modules/jquery.js HTTP/1.1] 200 3
[07/Jan/2021:17:39:11 +0800] 0:0:0:0:0:0:0:1 [GET /single_grid/list/sys_auth_role HTTP/1.1] 200 10
[07/Jan/2021:17:39:11 +0800] 0:0:0:0:0:0:0:1 [GET /meta/object/eova_role_code HTTP/1.1] 200 2
[07/Jan/2021:17:39:11 +0800] 0:0:0:0:0:0:0:1 [GET /meta/fields/eova_role_code HTTP/1.1] 200 2
[07/Jan/2021:17:39:11 +0800] 0:0:0:0:0:0:0:1 [GET /grid/query/eova_role_code-sys_auth_role?page=1&limit=15 HTTP/1.1] 200 5
[07/Jan/2021:17:39:16 +0800] 0:0:0:0:0:0:0:1 [GET /auth/toRoleChoose/12 HTTP/1.1] 200 9
[07/Jan/2021:17:39:16 +0800] 0:0:0:0:0:0:0:1 [GET /eova/plugins/easyui/themes/icon.css HTTP/1.1] 200 3
[07/Jan/2021:17:39:16 +0800] 0:0:0:0:0:0:0:1 [GET /eova/plugins/ztree/css/zTreeStyle/zTreeStyle.css HTTP/1.1] 200 7
[07/Jan/2021:17:39:16 +0800] 0:0:0:0:0:0:0:1 [GET /eova/ui/js/common.js HTTP/1.1] 200 4
[07/Jan/2021:17:39:16 +0800] 0:0:0:0:0:0:0:1 [GET /eova/plugins/eova/eova.min.css HTTP/1.1] 200 7
[07/Jan/2021:17:39:16 +0800] 0:0:0:0:0:0:0:1 [GET /eova/ui/icon/icon.css HTTP/1.1] 200 8
[07/Jan/2021:17:39:16 +0800] 0:0:0:0:0:0:0:1 [GET /eova/ui/js/string.js HTTP/1.1] 200 5
[07/Jan/2021:17:39:16 +0800] 0:0:0:0:0:0:0:1 [GET /eova/plugins/easy/jquery.datagrid.js HTTP/1.1] 200 9
[07/Jan/2021:17:39:16 +0800] 0:0:0:0:0:0:0:1 [GET /eova/plugins/nice/jquery.validator.min.js?local=zh_CN HTTP/1.1] 200 13
[07/Jan/2021:17:39:16 +0800] 0:0:0:0:0:0:0:1 [GET /eova/ui/js/template.js HTTP/1.1] 200 11
[07/Jan/2021:17:39:16 +0800] 0:0:0:0:0:0:0:1 [GET /eova/plugins/eova/eova.min.js HTTP/1.1] 200 12
[07/Jan/2021:17:39:16 +0800] 0:0:0:0:0:0:0:1 [GET /eova/plugins/easy/easy.min.js HTTP/1.1] 200 12
[07/Jan/2021:17:39:16 +0800] 0:0:0:0:0:0:0:1 [GET /eova/ui/icon/icons.png HTTP/1.1] 200 9
[07/Jan/2021:17:39:16 +0800] 0:0:0:0:0:0:0:1 [GET /eova/plugins/easyui/themes/gray/images/loading.gif HTTP/1.1] 200 3
[07/Jan/2021:17:39:16 +0800] 0:0:0:0:0:0:0:1 [GET /auth/getFunJson HTTP/1.1] 200 47
[07/Jan/2021:17:39:16 +0800] 0:0:0:0:0:0:0:1 [POST /auth/getRoleFunJson/12 HTTP/1.1] 200 4
[07/Jan/2021:17:39:16 +0800] 0:0:0:0:0:0:0:1 [GET /eova/plugins/easyui/themes/gray/images/tree_icons.png HTTP/1.1] 200 1
[07/Jan/2021:17:39:56 +0800] 0:0:0:0:0:0:0:1 [GET /grid/query/eova_role_code-sys_auth_role?page=1&limit=15&field=lv&order=asc HTTP/1.1] 200 6
[07/Jan/2021:17:58:47 +0800] 0:0:0:0:0:0:0:1 [GET /copyright HTTP/1.1] 200 1
[07/Jan/2021:17:58:49 +0800] 0:0:0:0:0:0:0:1 [GET /copyright HTTP/1.1] 200 2
[07/Jan/2021:17:58:57 +0800] 0:0:0:0:0:0:0:1 [GET /copyright HTTP/1.1] 200 1
[07/Jan/2021:17:59:11 +0800] 0:0:0:0:0:0:0:1 [GET /copyright HTTP/1.1] 200 1
