[14/Jan/2021:10:20:27 +0800] 0:0:0:0:0:0:0:1 [GET /single_grid/list/test_test HTTP/1.1] 302 43
[14/Jan/2021:10:20:28 +0800] 0:0:0:0:0:0:0:1 [GET /toLogin HTTP/1.1] 200 155
[14/Jan/2021:10:20:28 +0800] 0:0:0:0:0:0:0:1 [GET /eova/ui/css/login.css HTTP/1.1] 200 11
[14/Jan/2021:10:20:28 +0800] 0:0:0:0:0:0:0:1 [GET /toLogin HTTP/1.1] 200 4
[14/Jan/2021:10:20:28 +0800] 0:0:0:0:0:0:0:1 [GET /eova/plugins/layui/dist/font/iconfont.woff?v=240 HTTP/1.1] 200 6
[14/Jan/2021:10:20:28 +0800] 0:0:0:0:0:0:0:1 [GET /eova/plugins/layui/dist/font/iconfont.ttf?v=240 HTTP/1.1] 200 2
[14/Jan/2021:10:20:29 +0800] 0:0:0:0:0:0:0:1 [POST /doLogin HTTP/1.1] 302 20
[14/Jan/2021:10:20:29 +0800] 0:0:0:0:0:0:0:1 [GET / HTTP/1.1] 200 78
[14/Jan/2021:10:20:29 +0800] 0:0:0:0:0:0:0:1 [GET /welcome HTTP/1.1] 200 5
[14/Jan/2021:10:20:39 +0800] 0:0:0:0:0:0:0:1 [GET /single_chart/list/data_money HTTP/1.1] 200 155
[14/Jan/2021:10:20:39 +0800] 0:0:0:0:0:0:0:1 [GET /eova/plugins/eova/theme/icon/icon.css?v=2.1.1 HTTP/1.1] 200 12
[14/Jan/2021:10:20:39 +0800] 127.0.0.1 [GET /eova/plugins/echarts/echarts.min.js HTTP/1.1] 200 32
[14/Jan/2021:10:20:39 +0800] 127.0.0.1 [GET /meta/object/data_money HTTP/1.1] 200 45
[14/Jan/2021:10:20:39 +0800] 127.0.0.1 [GET /meta/fields/data_money HTTP/1.1] 200 6
[14/Jan/2021:10:20:41 +0800] 127.0.0.1 [GET /grid/query/data_money-data_money?page=1&limit=5000&field=id&order=asc HTTP/1.1] 200 24
[14/Jan/2021:10:20:51 +0800] 127.0.0.1 [GET /single_grid/list/eova_dict HTTP/1.1] 200 56
[14/Jan/2021:10:20:51 +0800] 127.0.0.1 [GET /meta/object/dicts HTTP/1.1] 200 5
[14/Jan/2021:10:20:51 +0800] 127.0.0.1 [GET /meta/fields/dicts HTTP/1.1] 200 5
[14/Jan/2021:10:20:51 +0800] 127.0.0.1 [GET /grid/query/dicts-eova_dict?page=1&limit=15 HTTP/1.1] 200 12
[14/Jan/2021:10:20:58 +0800] 127.0.0.1 [GET /grid/query/dicts-eova_dict?page=2&limit=15 HTTP/1.1] 200 8
[14/Jan/2021:10:21:00 +0800] 127.0.0.1 [GET /grid/query/dicts-eova_dict?page=9&limit=15 HTTP/1.1] 200 6
[14/Jan/2021:10:21:14 +0800] 127.0.0.1 [GET /grid/query/dicts-eova_dict?page=1&limit=15 HTTP/1.1] 200 10
[14/Jan/2021:10:21:44 +0800] 127.0.0.1 [GET /grid/query/dicts-eova_dict?page=1&limit=15&query_object=test&query_field=id&query_name=1 HTTP/1.1] 200 10
[14/Jan/2021:11:48:04 +0800] 0:0:0:0:0:0:0:1 [GET / HTTP/1.1] 302 37
[14/Jan/2021:11:48:04 +0800] 0:0:0:0:0:0:0:1 [GET /toLogin HTTP/1.1] 200 168
[14/Jan/2021:11:48:04 +0800] 0:0:0:0:0:0:0:1 [GET /eova/plugins/layui/dist/layui.js HTTP/1.1] 200 15
[14/Jan/2021:11:48:04 +0800] 0:0:0:0:0:0:0:1 [GET /eova/plugins/layui/dist/css/layui.css HTTP/1.1] 200 22
[14/Jan/2021:11:48:04 +0800] 0:0:0:0:0:0:0:1 [GET /eova/ui/js/jquery.min.js HTTP/1.1] 200 21
[14/Jan/2021:11:48:04 +0800] 0:0:0:0:0:0:0:1 [GET /eova/plugins/layui/dist/css/modules/layer/default/layer.css?v=3.1.1 HTTP/1.1] 200 6
[14/Jan/2021:11:48:04 +0800] 0:0:0:0:0:0:0:1 [GET /favicon.ico HTTP/1.1] 200 5
[14/Jan/2021:11:48:05 +0800] 0:0:0:0:0:0:0:1 [POST /doLogin HTTP/1.1] 302 23
[14/Jan/2021:11:48:05 +0800] 0:0:0:0:0:0:0:1 [GET / HTTP/1.1] 200 68
[14/Jan/2021:11:48:05 +0800] 0:0:0:0:0:0:0:1 [GET /eova/plugins/eova/eova.min.js?v=2.1.1 HTTP/1.1] 200 11
[14/Jan/2021:11:48:05 +0800] 0:0:0:0:0:0:0:1 [GET /eova/ui/js/common.js?v=2.1.1 HTTP/1.1] 200 9
[14/Jan/2021:11:48:05 +0800] 0:0:0:0:0:0:0:1 [GET /eova/plugins/eova/copyright/eova.defense.min.js?v=2.1.1 HTTP/1.1] 200 13
[14/Jan/2021:11:48:05 +0800] 0:0:0:0:0:0:0:1 [GET /eova/ui/js/index.js?v=2.1.1 HTTP/1.1] 200 13
[14/Jan/2021:11:48:05 +0800] 0:0:0:0:0:0:0:1 [GET /welcome HTTP/1.1] 200 7
[14/Jan/2021:11:48:08 +0800] 0:0:0:0:0:0:0:1 [GET /single_grid/list/sys_users HTTP/1.1] 200 146
[14/Jan/2021:11:48:08 +0800] 0:0:0:0:0:0:0:1 [GET /meta/object/eova_user_code HTTP/1.1] 200 9
[14/Jan/2021:11:48:08 +0800] 0:0:0:0:0:0:0:1 [GET /meta/fields/eova_user_code HTTP/1.1] 200 6
[14/Jan/2021:11:48:08 +0800] 0:0:0:0:0:0:0:1 [GET /widget/comboJson/eova_user_code-rid HTTP/1.1] 200 101
[14/Jan/2021:11:48:08 +0800] 0:0:0:0:0:0:0:1 [GET /grid/query/eova_user_code-sys_users?page=1&limit=15 HTTP/1.1] 200 21
[14/Jan/2021:11:48:10 +0800] 0:0:0:0:0:0:0:1 [GET /single_chart/list/data_money HTTP/1.1] 200 30
[14/Jan/2021:11:48:10 +0800] 0:0:0:0:0:0:0:1 [GET /meta/object/data_money HTTP/1.1] 200 3
[14/Jan/2021:11:48:10 +0800] 0:0:0:0:0:0:0:1 [GET /meta/fields/data_money HTTP/1.1] 200 4
[14/Jan/2021:11:48:12 +0800] 0:0:0:0:0:0:0:1 [GET /grid/query/data_money-data_money?page=1&limit=5000&field=id&order=asc HTTP/1.1] 200 14
[14/Jan/2021:11:48:12 +0800] 0:0:0:0:0:0:0:1 [GET /grid/query/data_money-data_money?page=1&limit=5000&field=moon&order=asc HTTP/1.1] 200 9
[14/Jan/2021:11:48:14 +0800] 0:0:0:0:0:0:0:1 [GET /grid/query/data_money-data_money?page=1&limit=5000&field=id&order=asc HTTP/1.1] 200 7
[14/Jan/2021:11:48:14 +0800] 0:0:0:0:0:0:0:1 [GET /grid/query/data_money-data_money?page=1&limit=5000&field=moon&order=asc HTTP/1.1] 200 6
[14/Jan/2021:11:48:16 +0800] 0:0:0:0:0:0:0:1 [GET /grid/query/data_money-data_money?page=1&limit=5000&field=id&order=asc HTTP/1.1] 200 13
[14/Jan/2021:11:48:17 +0800] 0:0:0:0:0:0:0:1 [GET /grid/query/data_money-data_money?page=1&limit=5000&field=moon&order=asc HTTP/1.1] 200 7
[14/Jan/2021:11:48:17 +0800] 0:0:0:0:0:0:0:1 [GET /grid/query/data_money-data_money?page=1&limit=5000&field=num&order=asc HTTP/1.1] 200 9
[14/Jan/2021:11:48:18 +0800] 0:0:0:0:0:0:0:1 [GET /grid/query/data_money-data_money?page=1&limit=5000&field=num1&order=asc HTTP/1.1] 200 6
[14/Jan/2021:11:48:19 +0800] 0:0:0:0:0:0:0:1 [GET /grid/query/data_money-data_money?page=1&limit=5000&field=num2&order=asc HTTP/1.1] 200 8
[14/Jan/2021:11:48:21 +0800] 0:0:0:0:0:0:0:1 [GET /grid/query/data_money-data_money?page=1&limit=5000&field=num1&order=asc HTTP/1.1] 200 6
[14/Jan/2021:11:48:21 +0800] 0:0:0:0:0:0:0:1 [GET /grid/query/data_money-data_money?page=1&limit=5000&field=num&order=asc HTTP/1.1] 200 7
[14/Jan/2021:11:48:22 +0800] 0:0:0:0:0:0:0:1 [GET /grid/query/data_money-data_money?page=1&limit=5000&field=moon&order=asc HTTP/1.1] 200 7
[14/Jan/2021:11:48:23 +0800] 0:0:0:0:0:0:0:1 [GET /grid/query/data_money-data_money?page=1&limit=5000&field=id&order=asc HTTP/1.1] 200 6
[14/Jan/2021:11:48:23 +0800] 0:0:0:0:0:0:0:1 [GET /grid/query/data_money-data_money?page=1&limit=5000&field=moon&order=asc HTTP/1.1] 200 6
[14/Jan/2021:11:48:24 +0800] 0:0:0:0:0:0:0:1 [GET /grid/query/data_money-data_money?page=1&limit=5000&field=moon&order=desc HTTP/1.1] 200 6
[14/Jan/2021:11:48:25 +0800] 0:0:0:0:0:0:0:1 [GET /grid/query/data_money-data_money?page=1&limit=5000&field=moon&order= HTTP/1.1] 200 6
[14/Jan/2021:11:48:27 +0800] 0:0:0:0:0:0:0:1 [GET /grid/query/data_money-data_money?page=1&limit=5000&field=moon&order=asc HTTP/1.1] 200 6
[14/Jan/2021:11:48:28 +0800] 0:0:0:0:0:0:0:1 [GET /grid/query/data_money-data_money?page=1&limit=5000&field=moon&order=desc HTTP/1.1] 200 6
[14/Jan/2021:11:48:30 +0800] 0:0:0:0:0:0:0:1 [GET /grid/query/data_money-data_money?page=1&limit=5000&field=moon&order= HTTP/1.1] 200 6
[14/Jan/2021:12:08:06 +0800] 0:0:0:0:0:0:0:1 [GET /copyright HTTP/1.1] 200 1
[14/Jan/2021:12:08:08 +0800] 0:0:0:0:0:0:0:1 [GET /copyright HTTP/1.1] 200 1
[14/Jan/2021:12:08:10 +0800] 0:0:0:0:0:0:0:1 [GET /copyright HTTP/1.1] 200 1
[14/Jan/2021:15:05:36 +0800] 0:0:0:0:0:0:0:1 [GET /single_grid/list/eova_dict HTTP/1.1] 302 3
[14/Jan/2021:15:05:36 +0800] 0:0:0:0:0:0:0:1 [GET /toLogin HTTP/1.1] 200 4
[14/Jan/2021:15:05:36 +0800] 0:0:0:0:0:0:0:1 [GET /toLogin HTTP/1.1] 200 2
[14/Jan/2021:15:05:37 +0800] 0:0:0:0:0:0:0:1 [POST /doLogin HTTP/1.1] 302 5
[14/Jan/2021:15:05:37 +0800] 0:0:0:0:0:0:0:1 [GET / HTTP/1.1] 200 9
[14/Jan/2021:15:05:37 +0800] 0:0:0:0:0:0:0:1 [GET /welcome HTTP/1.1] 200 1
[14/Jan/2021:15:05:41 +0800] 0:0:0:0:0:0:0:1 [GET /master_slave_grid/list/eova_object HTTP/1.1] 200 39
[14/Jan/2021:15:05:41 +0800] 0:0:0:0:0:0:0:1 [GET /meta/object/eova_object_code HTTP/1.1] 200 3
[14/Jan/2021:15:05:41 +0800] 0:0:0:0:0:0:0:1 [GET /meta/fields/eova_object_code HTTP/1.1] 200 4
[14/Jan/2021:15:05:41 +0800] 0:0:0:0:0:0:0:1 [GET /meta/object/eova_field_code HTTP/1.1] 200 3
[14/Jan/2021:15:05:41 +0800] 0:0:0:0:0:0:0:1 [GET /meta/fields/eova_field_code HTTP/1.1] 200 8
[14/Jan/2021:15:05:41 +0800] 0:0:0:0:0:0:0:1 [GET /grid/query/eova_object_code-eova_object?page=1&limit=15 HTTP/1.1] 200 13
[14/Jan/2021:15:05:41 +0800] 0:0:0:0:0:0:0:1 [GET /grid/query/eova_field_code?page=1&limit=5000&query_object_code=5201314666 HTTP/1.1] 200 17
[14/Jan/2021:15:05:42 +0800] 0:0:0:0:0:0:0:1 [GET /tree_grid/list/eova_button HTTP/1.1] 200 29
[14/Jan/2021:15:05:42 +0800] 0:0:0:0:0:0:0:1 [GET /meta/object/eova_menu_code HTTP/1.1] 200 2
[14/Jan/2021:15:05:42 +0800] 0:0:0:0:0:0:0:1 [GET /meta/fields/eova_menu_code HTTP/1.1] 200 3
[14/Jan/2021:15:05:42 +0800] 0:0:0:0:0:0:0:1 [GET /tree/query/eova_menu_code-eova_button HTTP/1.1] 200 7
[14/Jan/2021:15:05:42 +0800] 0:0:0:0:0:0:0:1 [GET /eova/plugins/ztree/css/metroStyle/img/metro.png HTTP/1.1] 200 3
[14/Jan/2021:15:05:42 +0800] 0:0:0:0:0:0:0:1 [GET /eova/plugins/ztree/css/metroStyle/img/line_conn.png HTTP/1.1] 200 3
[14/Jan/2021:15:05:42 +0800] 0:0:0:0:0:0:0:1 [GET /meta/object/eova_button_code HTTP/1.1] 200 3
[14/Jan/2021:15:05:42 +0800] 0:0:0:0:0:0:0:1 [GET /meta/fields/eova_button_code HTTP/1.1] 200 3
[14/Jan/2021:15:05:42 +0800] 0:0:0:0:0:0:0:1 [GET /grid/query/eova_button_code-eova_button?page=1&limit=15 HTTP/1.1] 200 9
[14/Jan/2021:15:05:42 +0800] 0:0:0:0:0:0:0:1 [GET /eova/plugins/easyui/themes/gray/images/tree_icons.png HTTP/1.1] 200 4
[14/Jan/2021:15:05:42 +0800] 0:0:0:0:0:0:0:1 [GET /single_tree/list/eova_menu HTTP/1.1] 200 17
[14/Jan/2021:15:05:42 +0800] 0:0:0:0:0:0:0:1 [GET /eova/plugins/wangEditor/dist/css/wangEditor.min.css HTTP/1.1] 200 6
[14/Jan/2021:15:05:42 +0800] 0:0:0:0:0:0:0:1 [GET /eova/plugins/jsoneditor/jsoneditor.min.css HTTP/1.1] 200 6
[14/Jan/2021:15:05:42 +0800] 0:0:0:0:0:0:0:1 [GET /eova/plugins/zyupload/control/css/zyUpload.css HTTP/1.1] 200 5
[14/Jan/2021:15:05:42 +0800] 0:0:0:0:0:0:0:1 [GET /eova/ui/css/eova.layout.css HTTP/1.1] 200 5
[14/Jan/2021:15:05:42 +0800] 0:0:0:0:0:0:0:1 [GET /eova/plugins/wangEditor/dist/js/wangEditor.min.js HTTP/1.1] 200 9
[14/Jan/2021:15:05:42 +0800] 0:0:0:0:0:0:0:1 [GET /eova/plugins/zyupload/control/js/zyUpload.js HTTP/1.1] 200 8
[14/Jan/2021:15:05:42 +0800] 0:0:0:0:0:0:0:1 [GET /eova/ui/js/form.js HTTP/1.1] 200 5
[14/Jan/2021:15:05:42 +0800] 0:0:0:0:0:0:0:1 [GET /eova/plugins/zyupload/core/zyFile.js HTTP/1.1] 200 9
[14/Jan/2021:15:05:42 +0800] 0:0:0:0:0:0:0:1 [GET /eova/plugins/upload/jquery-upload.js HTTP/1.1] 200 14
[14/Jan/2021:15:05:42 +0800] 0:0:0:0:0:0:0:1 [GET /eova/plugins/jsoneditor/jsoneditor.min.js HTTP/1.1] 200 26
[14/Jan/2021:15:05:43 +0800] 0:0:0:0:0:0:0:1 [GET /eova/template/singletree/default.htm HTTP/1.1] 200 4
[14/Jan/2021:15:05:43 +0800] 0:0:0:0:0:0:0:1 [GET /meta/object/eova_menu_code HTTP/1.1] 200 2
[14/Jan/2021:15:05:43 +0800] 0:0:0:0:0:0:0:1 [GET /meta/fields/eova_menu_code HTTP/1.1] 200 3
[14/Jan/2021:15:05:43 +0800] 0:0:0:0:0:0:0:1 [GET /tree/query/eova_menu_code-eova_menu HTTP/1.1] 200 8
[14/Jan/2021:15:05:44 +0800] 0:0:0:0:0:0:0:1 [GET /druid HTTP/1.1] 302 1
[14/Jan/2021:15:05:44 +0800] 0:0:0:0:0:0:0:1 [GET /druid/index.html HTTP/1.1] 200 2
[14/Jan/2021:15:05:44 +0800] 0:0:0:0:0:0:0:1 [GET /druid/js/common.js HTTP/1.1] 200 5
[14/Jan/2021:15:05:44 +0800] 0:0:0:0:0:0:0:1 [GET /druid/js/lang.js HTTP/1.1] 200 6
[14/Jan/2021:15:05:44 +0800] 0:0:0:0:0:0:0:1 [GET /druid/css/style.css HTTP/1.1] 200 8
[14/Jan/2021:15:05:44 +0800] 0:0:0:0:0:0:0:1 [GET /druid/js/jquery.min.js HTTP/1.1] 200 9
[14/Jan/2021:15:05:44 +0800] 0:0:0:0:0:0:0:1 [GET /druid/css/bootstrap.min.css HTTP/1.1] 200 12
[14/Jan/2021:15:05:44 +0800] 0:0:0:0:0:0:0:1 [GET /druid/header.html HTTP/1.1] 200 2
[14/Jan/2021:15:05:44 +0800] 0:0:0:0:0:0:0:1 [POST /druid/basic.json HTTP/1.1] 200 7
[14/Jan/2021:15:05:52 +0800] 0:0:0:0:0:0:0:1 [GET /single_grid/list/eova_dict HTTP/1.1] 200 11
[14/Jan/2021:15:05:52 +0800] 0:0:0:0:0:0:0:1 [GET /meta/object/dicts HTTP/1.1] 200 2
[14/Jan/2021:15:05:52 +0800] 0:0:0:0:0:0:0:1 [GET /meta/fields/dicts HTTP/1.1] 200 3
[14/Jan/2021:15:05:52 +0800] 0:0:0:0:0:0:0:1 [GET /grid/query/dicts-eova_dict?page=1&limit=15 HTTP/1.1] 200 12
[14/Jan/2021:15:25:38 +0800] 0:0:0:0:0:0:0:1 [GET /copyright HTTP/1.1] 200 1
[14/Jan/2021:15:25:41 +0800] 0:0:0:0:0:0:0:1 [GET /copyright HTTP/1.1] 200 1
[14/Jan/2021:15:25:42 +0800] 0:0:0:0:0:0:0:1 [GET /copyright HTTP/1.1] 200 1
[14/Jan/2021:15:25:43 +0800] 0:0:0:0:0:0:0:1 [GET /copyright HTTP/1.1] 200 1
[14/Jan/2021:15:25:53 +0800] 0:0:0:0:0:0:0:1 [GET /copyright HTTP/1.1] 200 1
