[05/Jan/2021:10:21:52 +0800] 127.0.0.1 [GET / HTTP/1.1] 302 42
[05/Jan/2021:10:21:52 +0800] 127.0.0.1 [GET /toLogin HTTP/1.1] 200 162
[05/Jan/2021:10:21:53 +0800] 127.0.0.1 [GET /favicon.ico HTTP/1.1] 200 11
[05/Jan/2021:10:21:59 +0800] 127.0.0.1 [POST /doLogin HTTP/1.1] 302 21
[05/Jan/2021:10:21:59 +0800] 127.0.0.1 [GET / HTTP/1.1] 200 52
[05/Jan/2021:10:21:59 +0800] 127.0.0.1 [GET /welcome HTTP/1.1] 200 4
[05/Jan/2021:10:40:56 +0800] 0:0:0:0:0:0:0:1 [GET /single_grid/list/sys_users HTTP/1.1] 200 167
[05/Jan/2021:10:40:56 +0800] 0:0:0:0:0:0:0:1 [GET /eova/ui/js/json2-min.js HTTP/1.1] 200 8
[05/Jan/2021:10:40:56 +0800] 0:0:0:0:0:0:0:1 [GET /eova/plugins/eova/i18n/zh_CN.js HTTP/1.1] 200 6
[05/Jan/2021:10:40:56 +0800] 0:0:0:0:0:0:0:1 [GET /eova/ui/js/table.js?v=2.1.1 HTTP/1.1] 200 8
[05/Jan/2021:10:40:56 +0800] 0:0:0:0:0:0:0:1 [GET /eova/plugins/ztree/js/jquery.ztree.all.min.js HTTP/1.1] 200 8
[05/Jan/2021:10:40:56 +0800] 0:0:0:0:0:0:0:1 [GET /eova/plugins/nice/jquery.validator.min.js?local=zh-CN HTTP/1.1] 200 8
[05/Jan/2021:10:40:56 +0800] 0:0:0:0:0:0:0:1 [GET /eova/plugins/My97DatePicker/WdatePicker.js HTTP/1.1] 200 5
[05/Jan/2021:10:40:56 +0800] 0:0:0:0:0:0:0:1 [GET /eova/plugins/easyui/jquery.easyui.min.js HTTP/1.1] 200 14
[05/Jan/2021:10:40:56 +0800] 0:0:0:0:0:0:0:1 [GET /eova/plugins/format/jsformat.js HTTP/1.1] 200 22
[05/Jan/2021:10:40:56 +0800] 0:0:0:0:0:0:0:1 [GET /eova/ui/js/operation.js HTTP/1.1] 200 24
[05/Jan/2021:10:40:56 +0800] 0:0:0:0:0:0:0:1 [GET /meta/object/eova_user_code HTTP/1.1] 200 6
[05/Jan/2021:10:40:56 +0800] 0:0:0:0:0:0:0:1 [GET /meta/fields/eova_user_code HTTP/1.1] 200 5
[05/Jan/2021:10:40:56 +0800] 0:0:0:0:0:0:0:1 [GET /widget/comboJson/eova_user_code-rid HTTP/1.1] 200 83
[05/Jan/2021:10:40:56 +0800] 0:0:0:0:0:0:0:1 [GET /grid/query/eova_user_code-sys_users?page=1&limit=15 HTTP/1.1] 200 29
[05/Jan/2021:10:42:00 +0800] 0:0:0:0:0:0:0:1 [GET /copyright HTTP/1.1] 200 2
[05/Jan/2021:11:00:56 +0800] 0:0:0:0:0:0:0:1 [GET /copyright HTTP/1.1] 200 2
[05/Jan/2021:11:18:55 +0800] 0:0:0:0:0:0:0:1 [GET / HTTP/1.1] 302 31
[05/Jan/2021:11:18:55 +0800] 0:0:0:0:0:0:0:1 [GET /toLogin HTTP/1.1] 200 154
[05/Jan/2021:11:18:56 +0800] 0:0:0:0:0:0:0:1 [POST /doLogin HTTP/1.1] 302 21
[05/Jan/2021:11:18:56 +0800] 0:0:0:0:0:0:0:1 [GET / HTTP/1.1] 200 59
[05/Jan/2021:11:18:56 +0800] 0:0:0:0:0:0:0:1 [GET /welcome HTTP/1.1] 200 6
[05/Jan/2021:11:18:58 +0800] 0:0:0:0:0:0:0:1 [GET /single_grid/list/sys_users HTTP/1.1] 200 173
[05/Jan/2021:11:18:58 +0800] 0:0:0:0:0:0:0:1 [GET /meta/object/eova_user_code HTTP/1.1] 200 9
[05/Jan/2021:11:18:58 +0800] 0:0:0:0:0:0:0:1 [GET /meta/fields/eova_user_code HTTP/1.1] 200 7
[05/Jan/2021:11:18:59 +0800] 0:0:0:0:0:0:0:1 [GET /widget/comboJson/eova_user_code-rid HTTP/1.1] 200 92
[05/Jan/2021:11:18:59 +0800] 0:0:0:0:0:0:0:1 [GET /grid/query/eova_user_code-sys_users?page=1&limit=15 HTTP/1.1] 200 20
[05/Jan/2021:12:47:12 +0800] 127.0.0.1 [GET / HTTP/1.1] 302 34
[05/Jan/2021:12:47:12 +0800] 127.0.0.1 [GET /toLogin HTTP/1.1] 200 194
[05/Jan/2021:12:47:14 +0800] 127.0.0.1 [POST /doLogin HTTP/1.1] 302 20
[05/Jan/2021:12:47:14 +0800] 127.0.0.1 [GET / HTTP/1.1] 200 56
[05/Jan/2021:12:47:14 +0800] 127.0.0.1 [GET /welcome HTTP/1.1] 200 5
[05/Jan/2021:12:48:29 +0800] 0:0:0:0:0:0:0:1 [GET /single_grid/list/sys_users HTTP/1.1] 200 177
[05/Jan/2021:12:48:29 +0800] 0:0:0:0:0:0:0:1 [GET /eova/ui/js/table.js?v=2.1.1 HTTP/1.1] 200 15
[05/Jan/2021:12:48:29 +0800] 0:0:0:0:0:0:0:1 [GET /eova/ui/js/json2-min.js HTTP/1.1] 200 22
[05/Jan/2021:12:48:29 +0800] 0:0:0:0:0:0:0:1 [GET /eova/plugins/nice/jquery.validator.min.js?local=zh-CN HTTP/1.1] 200 14
[05/Jan/2021:12:48:29 +0800] 0:0:0:0:0:0:0:1 [GET /eova/plugins/eova/i18n/zh_CN.js HTTP/1.1] 200 17
[05/Jan/2021:12:48:29 +0800] 0:0:0:0:0:0:0:1 [GET /eova/plugins/ztree/js/jquery.ztree.all.min.js HTTP/1.1] 200 16
[05/Jan/2021:12:48:29 +0800] 0:0:0:0:0:0:0:1 [GET /eova/plugins/easyui/jquery.easyui.min.js HTTP/1.1] 200 31
[05/Jan/2021:12:48:29 +0800] 0:0:0:0:0:0:0:1 [GET /eova/plugins/My97DatePicker/WdatePicker.js HTTP/1.1] 200 13
[05/Jan/2021:12:48:29 +0800] 0:0:0:0:0:0:0:1 [GET /eova/plugins/format/jsformat.js HTTP/1.1] 200 17
[05/Jan/2021:12:48:29 +0800] 0:0:0:0:0:0:0:1 [GET /eova/ui/js/operation.js HTTP/1.1] 200 28
[05/Jan/2021:12:48:29 +0800] 0:0:0:0:0:0:0:1 [GET /meta/object/eova_user_code HTTP/1.1] 200 7
[05/Jan/2021:12:48:29 +0800] 0:0:0:0:0:0:0:1 [GET /meta/fields/eova_user_code HTTP/1.1] 200 6
[05/Jan/2021:12:48:30 +0800] 0:0:0:0:0:0:0:1 [GET /widget/comboJson/eova_user_code-rid HTTP/1.1] 200 76
[05/Jan/2021:12:48:30 +0800] 0:0:0:0:0:0:0:1 [GET /grid/query/eova_user_code-sys_users?page=1&limit=15 HTTP/1.1] 200 27
[05/Jan/2021:13:07:14 +0800] 0:0:0:0:0:0:0:1 [GET /copyright HTTP/1.1] 200 2
[05/Jan/2021:13:08:30 +0800] 0:0:0:0:0:0:0:1 [GET /copyright HTTP/1.1] 200 1
[05/Jan/2021:23:31:01 +0800] 0:0:0:0:0:0:0:1 [GET / HTTP/1.1] 302 29
[05/Jan/2021:23:31:02 +0800] 0:0:0:0:0:0:0:1 [GET /toLogin HTTP/1.1] 200 144
[05/Jan/2021:23:31:02 +0800] 0:0:0:0:0:0:0:1 [GET /eova/ui/css/login.css HTTP/1.1] 200 12
[05/Jan/2021:23:31:02 +0800] 0:0:0:0:0:0:0:1 [GET /eova/plugins/layui/dist/lay/modules/form.js HTTP/1.1] 200 8
[05/Jan/2021:23:31:02 +0800] 0:0:0:0:0:0:0:1 [GET /eova/plugins/layui/dist/font/iconfont.woff?v=240 HTTP/1.1] 200 9
[05/Jan/2021:23:31:02 +0800] 0:0:0:0:0:0:0:1 [GET /eova/plugins/layui/dist/lay/modules/layer.js HTTP/1.1] 200 9
[05/Jan/2021:23:31:02 +0800] 0:0:0:0:0:0:0:1 [GET /eova/plugins/layui/dist/font/iconfont.ttf?v=240 HTTP/1.1] 200 6
[05/Jan/2021:23:31:02 +0800] 0:0:0:0:0:0:0:1 [GET /favicon.ico HTTP/1.1] 200 6
[05/Jan/2021:23:31:03 +0800] 0:0:0:0:0:0:0:1 [POST /doLogin HTTP/1.1] 302 30
[05/Jan/2021:23:31:03 +0800] 0:0:0:0:0:0:0:1 [GET / HTTP/1.1] 200 58
[05/Jan/2021:23:31:03 +0800] 0:0:0:0:0:0:0:1 [GET /eova/plugins/eova/theme/layui/eova.css?v=2.1.1 HTTP/1.1] 200 7
[05/Jan/2021:23:31:03 +0800] 0:0:0:0:0:0:0:1 [GET /eova/plugins/eova/theme/icon/icon.css?v=2.1.1 HTTP/1.1] 200 6
[05/Jan/2021:23:31:03 +0800] 0:0:0:0:0:0:0:1 [GET /eova/ui/css/index.css?v=2.1.1 HTTP/1.1] 200 4
[05/Jan/2021:23:31:03 +0800] 0:0:0:0:0:0:0:1 [GET /welcome HTTP/1.1] 200 4
[05/Jan/2021:23:31:03 +0800] 0:0:0:0:0:0:0:1 [GET /eova/plugins/layui/dist/lay/modules/element.js HTTP/1.1] 200 3
[05/Jan/2021:23:31:05 +0800] 0:0:0:0:0:0:0:1 [GET /single_grid/list/sys_users HTTP/1.1] 200 146
[05/Jan/2021:23:31:06 +0800] 0:0:0:0:0:0:0:1 [GET /eova/ui/css/eova.layout.css?v=2.1.1 HTTP/1.1] 200 5
[05/Jan/2021:23:31:06 +0800] 0:0:0:0:0:0:0:1 [GET /eova/plugins/ztree/css/metroStyle/metroStyle.css HTTP/1.1] 200 5
[05/Jan/2021:23:31:06 +0800] 0:0:0:0:0:0:0:1 [GET /eova/plugins/easyui/themes/gray/easyui.css HTTP/1.1] 200 5
[05/Jan/2021:23:31:06 +0800] 0:0:0:0:0:0:0:1 [GET /eova/plugins/nice/local/zh-CN.js HTTP/1.1] 200 6
[05/Jan/2021:23:31:06 +0800] 0:0:0:0:0:0:0:1 [GET /eova/plugins/My97DatePicker/skin/WdatePicker.css HTTP/1.1] 200 13
[05/Jan/2021:23:31:06 +0800] 0:0:0:0:0:0:0:1 [GET /eova/plugins/nice/jquery.validator.css HTTP/1.1] 200 15
[05/Jan/2021:23:31:06 +0800] 0:0:0:0:0:0:0:1 [GET /meta/object/eova_user_code HTTP/1.1] 200 9
[05/Jan/2021:23:31:06 +0800] 0:0:0:0:0:0:0:1 [GET /meta/fields/eova_user_code HTTP/1.1] 200 8
[05/Jan/2021:23:31:06 +0800] 0:0:0:0:0:0:0:1 [GET /eova/plugins/layui/dist/lay/modules/table.js HTTP/1.1] 200 4
[05/Jan/2021:23:31:06 +0800] 0:0:0:0:0:0:0:1 [GET /widget/comboJson/eova_user_code-rid HTTP/1.1] 200 90
[05/Jan/2021:23:31:06 +0800] 0:0:0:0:0:0:0:1 [GET /eova/plugins/layui/dist/lay/modules/laytpl.js HTTP/1.1] 200 2
[05/Jan/2021:23:31:06 +0800] 0:0:0:0:0:0:0:1 [GET /eova/plugins/layui/dist/lay/modules/laypage.js HTTP/1.1] 200 3
[05/Jan/2021:23:31:06 +0800] 0:0:0:0:0:0:0:1 [GET /eova/plugins/layui/dist/lay/modules/util.js HTTP/1.1] 200 2
[05/Jan/2021:23:31:06 +0800] 0:0:0:0:0:0:0:1 [GET /grid/query/eova_user_code-sys_users?page=1&limit=15 HTTP/1.1] 200 22
