[11/Jan/2021:10:26:19 +0800] 0:0:0:0:0:0:0:1 [POST /doLogin HTTP/1.1] 302 77
[11/Jan/2021:10:26:19 +0800] 0:0:0:0:0:0:0:1 [GET / HTTP/1.1] 200 207
[11/Jan/2021:10:26:19 +0800] 0:0:0:0:0:0:0:1 [GET /eova/plugins/eova/copyright/eova.defense.min.js?v=2.1.1 HTTP/1.1] 200 14
[11/Jan/2021:10:26:19 +0800] 0:0:0:0:0:0:0:1 [GET /eova/plugins/layui/dist/layui.js HTTP/1.1] 200 15
[11/Jan/2021:10:26:19 +0800] 0:0:0:0:0:0:0:1 [GET /eova/plugins/eova/theme/icon/icon.css?v=2.1.1 HTTP/1.1] 200 21
[11/Jan/2021:10:26:19 +0800] 0:0:0:0:0:0:0:1 [GET /eova/plugins/layui/dist/css/layui.css HTTP/1.1] 200 30
[11/Jan/2021:10:26:19 +0800] 0:0:0:0:0:0:0:1 [GET /eova/plugins/eova/eova.min.js?v=2.1.1 HTTP/1.1] 200 23
[11/Jan/2021:10:26:19 +0800] 0:0:0:0:0:0:0:1 [GET /eova/ui/js/jquery.min.js HTTP/1.1] 200 24
[11/Jan/2021:10:26:19 +0800] 0:0:0:0:0:0:0:1 [GET /eova/ui/js/index.js?v=2.1.1 HTTP/1.1] 200 13
[11/Jan/2021:10:26:19 +0800] 0:0:0:0:0:0:0:1 [GET /welcome HTTP/1.1] 200 20
[11/Jan/2021:10:26:19 +0800] 0:0:0:0:0:0:0:1 [GET /eova/ui/js/common.js?v=2.1.1 HTTP/1.1] 200 21
[11/Jan/2021:10:26:19 +0800] 0:0:0:0:0:0:0:1 [GET /eova/plugins/layui/dist/css/modules/layer/default/layer.css?v=3.1.1 HTTP/1.1] 200 3
[11/Jan/2021:10:26:20 +0800] 0:0:0:0:0:0:0:1 [GET /favicon.ico HTTP/1.1] 200 4
[11/Jan/2021:10:26:25 +0800] 0:0:0:0:0:0:0:1 [GET /single_chart/list/data_money HTTP/1.1] 200 126
[11/Jan/2021:10:26:25 +0800] 0:0:0:0:0:0:0:1 [GET /eova/plugins/eova/i18n/zh_CN.js HTTP/1.1] 200 9
[11/Jan/2021:10:26:25 +0800] 0:0:0:0:0:0:0:1 [GET /eova/ui/js/json2-min.js HTTP/1.1] 200 12
[11/Jan/2021:10:26:25 +0800] 0:0:0:0:0:0:0:1 [GET /eova/ui/js/table.js?v=2.1.1 HTTP/1.1] 200 10
[11/Jan/2021:10:26:25 +0800] 0:0:0:0:0:0:0:1 [GET /eova/plugins/nice/jquery.validator.min.js?local=zh-CN HTTP/1.1] 200 8
[11/Jan/2021:10:26:25 +0800] 0:0:0:0:0:0:0:1 [GET /eova/plugins/My97DatePicker/WdatePicker.js HTTP/1.1] 200 10
[11/Jan/2021:10:26:25 +0800] 0:0:0:0:0:0:0:1 [GET /eova/plugins/format/jsformat.js HTTP/1.1] 200 6
[11/Jan/2021:10:26:25 +0800] 0:0:0:0:0:0:0:1 [GET /eova/plugins/easyui/jquery.easyui.min.js HTTP/1.1] 200 18
[11/Jan/2021:10:26:25 +0800] 0:0:0:0:0:0:0:1 [GET /eova/plugins/ztree/js/jquery.ztree.all.min.js HTTP/1.1] 200 22
[11/Jan/2021:10:26:25 +0800] 0:0:0:0:0:0:0:1 [GET /eova/ui/js/operation.js HTTP/1.1] 200 16
[11/Jan/2021:10:26:25 +0800] 0:0:0:0:0:0:0:1 [GET /eova/plugins/echarts/echarts.min.js HTTP/1.1] 200 32
[11/Jan/2021:10:26:25 +0800] 0:0:0:0:0:0:0:1 [GET /meta/object/data_money HTTP/1.1] 200 6
[11/Jan/2021:10:26:25 +0800] 0:0:0:0:0:0:0:1 [GET /meta/fields/data_money HTTP/1.1] 200 5
[11/Jan/2021:10:26:27 +0800] 0:0:0:0:0:0:0:1 [GET /grid/query/data_money-data_money?page=1&limit=5000&field=id&order=asc HTTP/1.1] 200 28
[11/Jan/2021:10:35:20 +0800] 0:0:0:0:0:0:0:1 [GET /single_grid/list/test_test HTTP/1.1] 200 80
[11/Jan/2021:10:35:20 +0800] 0:0:0:0:0:0:0:1 [GET /meta/object/test_test HTTP/1.1] 200 3
[11/Jan/2021:10:35:20 +0800] 0:0:0:0:0:0:0:1 [GET /meta/fields/test_test HTTP/1.1] 200 3
[11/Jan/2021:10:35:20 +0800] 0:0:0:0:0:0:0:1 [GET /grid/query/test_test-test_test?page=1&limit=15 HTTP/1.1] 500 22
[11/Jan/2021:10:35:22 +0800] 0:0:0:0:0:0:0:1 [GET /grid/query/test_test-test_test?page=1&limit=15&field=id&order=asc HTTP/1.1] 500 9
[11/Jan/2021:10:35:24 +0800] 0:0:0:0:0:0:0:1 [GET / HTTP/1.1] 200 10
[11/Jan/2021:10:35:24 +0800] 0:0:0:0:0:0:0:1 [GET /welcome HTTP/1.1] 200 1
[11/Jan/2021:10:35:24 +0800] 0:0:0:0:0:0:0:1 [GET /favicon.ico HTTP/1.1] 200 2
[11/Jan/2021:10:35:27 +0800] 0:0:0:0:0:0:0:1 [GET /single_grid/list/test_test HTTP/1.1] 200 10
[11/Jan/2021:10:35:27 +0800] 0:0:0:0:0:0:0:1 [GET /meta/object/test_test HTTP/1.1] 200 2
[11/Jan/2021:10:35:27 +0800] 0:0:0:0:0:0:0:1 [GET /meta/fields/test_test HTTP/1.1] 200 3
[11/Jan/2021:10:35:27 +0800] 0:0:0:0:0:0:0:1 [GET /grid/query/test_test-test_test?page=1&limit=15 HTTP/1.1] 500 8
[11/Jan/2021:10:35:31 +0800] 0:0:0:0:0:0:0:1 [GET /grid/query/test_test-test_test?page=1&limit=15&field=id&order=asc HTTP/1.1] 500 7
[11/Jan/2021:10:35:31 +0800] 0:0:0:0:0:0:0:1 [GET /grid/query/test_test-test_test?page=1&limit=15&field=id&order=asc HTTP/1.1] 500 7
[11/Jan/2021:10:35:32 +0800] 0:0:0:0:0:0:0:1 [GET /grid/query/test_test-test_test?page=1&limit=15&field=id&order=asc HTTP/1.1] 500 7
[11/Jan/2021:10:35:32 +0800] 0:0:0:0:0:0:0:1 [GET /grid/query/test_test-test_test?page=1&limit=15&field=id&order=asc HTTP/1.1] 500 10
[11/Jan/2021:10:35:32 +0800] 0:0:0:0:0:0:0:1 [GET /grid/query/test_test-test_test?page=1&limit=15&field=id&order=asc HTTP/1.1] 500 6
[11/Jan/2021:10:35:32 +0800] 0:0:0:0:0:0:0:1 [GET /grid/query/test_test-test_test?page=1&limit=15&field=id&order=asc HTTP/1.1] 500 7
[11/Jan/2021:10:35:33 +0800] 0:0:0:0:0:0:0:1 [GET /grid/query/test_test-test_test?page=1&limit=15&field=id&order=asc HTTP/1.1] 500 16
[11/Jan/2021:10:35:33 +0800] 0:0:0:0:0:0:0:1 [GET /grid/query/test_test-test_test?page=1&limit=15&field=id&order=asc HTTP/1.1] 500 7
[11/Jan/2021:10:35:33 +0800] 0:0:0:0:0:0:0:1 [GET /grid/query/test_test-test_test?page=1&limit=15&field=id&order=asc HTTP/1.1] 500 8
[11/Jan/2021:10:35:33 +0800] 0:0:0:0:0:0:0:1 [GET /grid/query/test_test-test_test?page=1&limit=15&field=id&order=asc HTTP/1.1] 500 7
[11/Jan/2021:10:35:33 +0800] 0:0:0:0:0:0:0:1 [GET /grid/query/test_test-test_test?page=1&limit=15&field=id&order=asc HTTP/1.1] 500 7
[11/Jan/2021:10:35:34 +0800] 0:0:0:0:0:0:0:1 [GET /grid/query/test_test-test_test?page=1&limit=15&field=id&order=asc HTTP/1.1] 500 7
[11/Jan/2021:10:35:35 +0800] 0:0:0:0:0:0:0:1 [GET /single_chart/list/data_money HTTP/1.1] 200 10
[11/Jan/2021:10:35:35 +0800] 0:0:0:0:0:0:0:1 [GET /meta/object/data_money HTTP/1.1] 200 2
[11/Jan/2021:10:35:35 +0800] 0:0:0:0:0:0:0:1 [GET /meta/fields/data_money HTTP/1.1] 200 3
[11/Jan/2021:10:35:36 +0800] 0:0:0:0:0:0:0:1 [GET /grid/query/data_money-data_money?page=1&limit=5000&field=id&order=asc HTTP/1.1] 200 5
[11/Jan/2021:10:48:07 +0800] 0:0:0:0:0:0:0:1 [GET /master_slave_grid/list/eova_object HTTP/1.1] 200 54
[11/Jan/2021:10:48:07 +0800] 0:0:0:0:0:0:0:1 [GET /meta/object/eova_object_code HTTP/1.1] 200 3
[11/Jan/2021:10:48:07 +0800] 0:0:0:0:0:0:0:1 [GET /meta/fields/eova_object_code HTTP/1.1] 200 5
[11/Jan/2021:10:48:07 +0800] 0:0:0:0:0:0:0:1 [GET /meta/object/eova_field_code HTTP/1.1] 200 4
[11/Jan/2021:10:48:07 +0800] 0:0:0:0:0:0:0:1 [GET /meta/fields/eova_field_code HTTP/1.1] 200 8
[11/Jan/2021:10:48:07 +0800] 0:0:0:0:0:0:0:1 [GET /grid/query/eova_object_code-eova_object?page=1&limit=15 HTTP/1.1] 200 11
[11/Jan/2021:10:48:07 +0800] 0:0:0:0:0:0:0:1 [GET /grid/query/eova_field_code?page=1&limit=5000&query_object_code=5201314666 HTTP/1.1] 200 54
[11/Jan/2021:10:48:07 +0800] 0:0:0:0:0:0:0:1 [GET /single_tree/list/eova_menu HTTP/1.1] 200 28
[11/Jan/2021:10:48:08 +0800] 0:0:0:0:0:0:0:1 [GET /meta/object/eova_menu_code HTTP/1.1] 200 2
[11/Jan/2021:10:48:08 +0800] 0:0:0:0:0:0:0:1 [GET /meta/fields/eova_menu_code HTTP/1.1] 200 4
[11/Jan/2021:10:48:08 +0800] 0:0:0:0:0:0:0:1 [GET /tree/query/eova_menu_code-eova_menu HTTP/1.1] 200 10
[11/Jan/2021:10:48:08 +0800] 0:0:0:0:0:0:0:1 [GET /eova/plugins/ztree/css/metroStyle/img/metro.png HTTP/1.1] 200 3
[11/Jan/2021:10:48:08 +0800] 0:0:0:0:0:0:0:1 [GET /eova/plugins/ztree/css/metroStyle/img/line_conn.png HTTP/1.1] 200 3
[11/Jan/2021:10:48:11 +0800] 0:0:0:0:0:0:0:1 [GET /eova/plugins/layui/dist/css/modules/layer/default/icon.png HTTP/1.1] 200 4
[11/Jan/2021:10:48:12 +0800] 0:0:0:0:0:0:0:1 [POST /grid/delete/eova_menu_code HTTP/1.1] 200 31
[11/Jan/2021:10:48:12 +0800] 0:0:0:0:0:0:0:1 [GET /single_tree/list/eova_menu HTTP/1.1] 200 9
[11/Jan/2021:10:48:12 +0800] 0:0:0:0:0:0:0:1 [GET /meta/object/eova_menu_code HTTP/1.1] 200 2
[11/Jan/2021:10:48:12 +0800] 0:0:0:0:0:0:0:1 [GET /meta/fields/eova_menu_code HTTP/1.1] 200 3
[11/Jan/2021:10:48:12 +0800] 0:0:0:0:0:0:0:1 [GET /tree/query/eova_menu_code-eova_menu HTTP/1.1] 200 6
[11/Jan/2021:10:48:20 +0800] 0:0:0:0:0:0:0:1 [GET /grid/query/eova_field_code?page=1&limit=5000&query_object_code=test_test HTTP/1.1] 200 10
[11/Jan/2021:10:48:20 +0800] 0:0:0:0:0:0:0:1 [GET /widget/comboJson/eova_field_code-type HTTP/1.1] 200 4
[11/Jan/2021:10:48:20 +0800] 0:0:0:0:0:0:0:1 [GET /widget/comboJson/eova_field_code-add_status HTTP/1.1] 200 3
[11/Jan/2021:10:48:20 +0800] 0:0:0:0:0:0:0:1 [GET /widget/comboJson/eova_field_code-update_status HTTP/1.1] 200 4
[11/Jan/2021:10:48:20 +0800] 0:0:0:0:0:0:0:1 [GET /widget/comboJson/eova_field_code-type HTTP/1.1] 200 3
[11/Jan/2021:10:48:20 +0800] 0:0:0:0:0:0:0:1 [GET /widget/comboJson/eova_field_code-add_status HTTP/1.1] 200 3
[11/Jan/2021:10:48:20 +0800] 0:0:0:0:0:0:0:1 [GET /widget/comboJson/eova_field_code-update_status HTTP/1.1] 200 3
[11/Jan/2021:10:48:20 +0800] 0:0:0:0:0:0:0:1 [GET /widget/comboJson/eova_field_code-type HTTP/1.1] 200 3
[11/Jan/2021:10:48:20 +0800] 0:0:0:0:0:0:0:1 [GET /widget/comboJson/eova_field_code-add_status HTTP/1.1] 200 4
[11/Jan/2021:10:48:20 +0800] 0:0:0:0:0:0:0:1 [GET /widget/comboJson/eova_field_code-update_status HTTP/1.1] 200 3
[11/Jan/2021:10:48:20 +0800] 0:0:0:0:0:0:0:1 [GET /widget/comboJson/eova_field_code-type HTTP/1.1] 200 4
[11/Jan/2021:10:48:20 +0800] 0:0:0:0:0:0:0:1 [GET /widget/comboJson/eova_field_code-add_status HTTP/1.1] 200 4
[11/Jan/2021:10:48:20 +0800] 0:0:0:0:0:0:0:1 [GET /widget/comboJson/eova_field_code-update_status HTTP/1.1] 200 3
[11/Jan/2021:10:48:20 +0800] 0:0:0:0:0:0:0:1 [GET /widget/comboJson/eova_field_code-type HTTP/1.1] 200 3
[11/Jan/2021:10:48:20 +0800] 0:0:0:0:0:0:0:1 [GET /widget/comboJson/eova_field_code-add_status HTTP/1.1] 200 3
[11/Jan/2021:10:48:20 +0800] 0:0:0:0:0:0:0:1 [GET /widget/comboJson/eova_field_code-update_status HTTP/1.1] 200 3
[11/Jan/2021:10:48:21 +0800] 0:0:0:0:0:0:0:1 [GET /grid/query/eova_field_code?page=1&limit=5000&query_object_code=test_test HTTP/1.1] 200 10
[11/Jan/2021:10:48:21 +0800] 0:0:0:0:0:0:0:1 [GET /grid/query/eova_field_code?page=1&limit=5000&query_object_code=test_test HTTP/1.1] 200 12
[11/Jan/2021:10:48:21 +0800] 0:0:0:0:0:0:0:1 [GET /widget/comboJson/eova_field_code-type HTTP/1.1] 200 3
[11/Jan/2021:10:48:21 +0800] 0:0:0:0:0:0:0:1 [GET /widget/comboJson/eova_field_code-add_status HTTP/1.1] 200 2
[11/Jan/2021:10:48:21 +0800] 0:0:0:0:0:0:0:1 [GET /widget/comboJson/eova_field_code-update_status HTTP/1.1] 200 2
[11/Jan/2021:10:48:21 +0800] 0:0:0:0:0:0:0:1 [GET /widget/comboJson/eova_field_code-type HTTP/1.1] 200 2
[11/Jan/2021:10:48:21 +0800] 0:0:0:0:0:0:0:1 [GET /widget/comboJson/eova_field_code-add_status HTTP/1.1] 200 3
[11/Jan/2021:10:48:21 +0800] 0:0:0:0:0:0:0:1 [GET /widget/comboJson/eova_field_code-update_status HTTP/1.1] 200 2
[11/Jan/2021:10:48:21 +0800] 0:0:0:0:0:0:0:1 [GET /widget/comboJson/eova_field_code-type HTTP/1.1] 200 3
[11/Jan/2021:10:48:21 +0800] 0:0:0:0:0:0:0:1 [GET /widget/comboJson/eova_field_code-add_status HTTP/1.1] 200 2
[11/Jan/2021:10:48:21 +0800] 0:0:0:0:0:0:0:1 [GET /widget/comboJson/eova_field_code-update_status HTTP/1.1] 200 3
[11/Jan/2021:10:48:21 +0800] 0:0:0:0:0:0:0:1 [GET /widget/comboJson/eova_field_code-type HTTP/1.1] 200 2
[11/Jan/2021:10:48:21 +0800] 0:0:0:0:0:0:0:1 [GET /widget/comboJson/eova_field_code-add_status HTTP/1.1] 200 3
[11/Jan/2021:10:48:21 +0800] 0:0:0:0:0:0:0:1 [GET /widget/comboJson/eova_field_code-update_status HTTP/1.1] 200 3
[11/Jan/2021:10:48:21 +0800] 0:0:0:0:0:0:0:1 [GET /widget/comboJson/eova_field_code-type HTTP/1.1] 200 3
[11/Jan/2021:10:48:21 +0800] 0:0:0:0:0:0:0:1 [GET /widget/comboJson/eova_field_code-add_status HTTP/1.1] 200 4
[11/Jan/2021:10:48:21 +0800] 0:0:0:0:0:0:0:1 [GET /widget/comboJson/eova_field_code-update_status HTTP/1.1] 200 3
[11/Jan/2021:10:48:32 +0800] 0:0:0:0:0:0:0:1 [POST /grid/delete/eova_object_code HTTP/1.1] 200 15
[11/Jan/2021:10:48:32 +0800] 0:0:0:0:0:0:0:1 [GET /grid/query/eova_object_code-eova_object?page=1&limit=15 HTTP/1.1] 200 6
[11/Jan/2021:10:48:32 +0800] 0:0:0:0:0:0:0:1 [GET /grid/query/eova_field_code?page=1&limit=5000&query_object_code=5201314666 HTTP/1.1] 200 7
[11/Jan/2021:10:48:37 +0800] 0:0:0:0:0:0:0:1 [GET / HTTP/1.1] 200 5
[11/Jan/2021:10:48:37 +0800] 0:0:0:0:0:0:0:1 [GET /welcome HTTP/1.1] 200 1
[11/Jan/2021:10:48:37 +0800] 0:0:0:0:0:0:0:1 [GET /favicon.ico HTTP/1.1] 200 2
[11/Jan/2021:10:48:43 +0800] 0:0:0:0:0:0:0:1 [GET /master_slave_grid/list/eova_object HTTP/1.1] 200 11
[11/Jan/2021:10:48:43 +0800] 0:0:0:0:0:0:0:1 [GET /meta/object/eova_object_code HTTP/1.1] 200 2
[11/Jan/2021:10:48:43 +0800] 0:0:0:0:0:0:0:1 [GET /meta/fields/eova_object_code HTTP/1.1] 200 2
[11/Jan/2021:10:48:43 +0800] 0:0:0:0:0:0:0:1 [GET /meta/object/eova_field_code HTTP/1.1] 200 2
[11/Jan/2021:10:48:43 +0800] 0:0:0:0:0:0:0:1 [GET /meta/fields/eova_field_code HTTP/1.1] 200 3
[11/Jan/2021:10:48:43 +0800] 0:0:0:0:0:0:0:1 [GET /grid/query/eova_object_code-eova_object?page=1&limit=15 HTTP/1.1] 200 6
[11/Jan/2021:10:48:43 +0800] 0:0:0:0:0:0:0:1 [GET /grid/query/eova_field_code?page=1&limit=5000&query_object_code=5201314666 HTTP/1.1] 200 7
[11/Jan/2021:10:48:46 +0800] 0:0:0:0:0:0:0:1 [GET /eova/plugins/layui/dist/css/modules/layer/default/loading-1.gif HTTP/1.1] 200 2
[11/Jan/2021:10:48:47 +0800] 0:0:0:0:0:0:0:1 [GET /meta/imports HTTP/1.1] 200 24
[11/Jan/2021:10:48:48 +0800] 0:0:0:0:0:0:0:1 [GET /meta/find/main-table HTTP/1.1] 200 14
[11/Jan/2021:10:48:48 +0800] 0:0:0:0:0:0:0:1 [GET /meta/findJson/main-table?page=1&limit=5000 HTTP/1.1] 200 18
[11/Jan/2021:10:49:10 +0800] 0:0:0:0:0:0:0:1 [POST /meta/doImports HTTP/1.1] 200 32
[11/Jan/2021:10:49:10 +0800] 0:0:0:0:0:0:0:1 [GET /grid/query/eova_object_code-eova_object?page=1&limit=15 HTTP/1.1] 200 5
[11/Jan/2021:10:49:10 +0800] 0:0:0:0:0:0:0:1 [GET /grid/query/eova_field_code?page=1&limit=5000&query_object_code=5201314666 HTTP/1.1] 200 7
[11/Jan/2021:10:49:12 +0800] 0:0:0:0:0:0:0:1 [GET /single_tree/list/eova_menu HTTP/1.1] 200 9
[11/Jan/2021:10:49:12 +0800] 0:0:0:0:0:0:0:1 [GET /meta/object/eova_menu_code HTTP/1.1] 200 9
[11/Jan/2021:10:49:12 +0800] 0:0:0:0:0:0:0:1 [GET /meta/fields/eova_menu_code HTTP/1.1] 200 2
[11/Jan/2021:10:49:12 +0800] 0:0:0:0:0:0:0:1 [GET /tree/query/eova_menu_code-eova_menu HTTP/1.1] 200 4
[11/Jan/2021:10:49:13 +0800] 0:0:0:0:0:0:0:1 [GET /form/update/eova_menu_code-900 HTTP/1.1] 200 49
[11/Jan/2021:10:49:14 +0800] 0:0:0:0:0:0:0:1 [GET /eova/plugins/jsoneditor/img/jsoneditor-icons.svg HTTP/1.1] 200 3
[11/Jan/2021:10:49:14 +0800] 0:0:0:0:0:0:0:1 [GET /widget/comboTreeJson/eova_menu_code-parent_id HTTP/1.1] 200 5
[11/Jan/2021:10:49:16 +0800] 0:0:0:0:0:0:0:1 [GET /menu/toAdd?parent_id=900 HTTP/1.1] 200 16
[11/Jan/2021:10:49:16 +0800] 0:0:0:0:0:0:0:1 [GET /eova/menu/add.js HTTP/1.1] 200 3
[11/Jan/2021:10:49:33 +0800] 0:0:0:0:0:0:0:1 [GET /widget/find?eova_code=eova_field_code&eova_field=object_code HTTP/1.1] 200 6
[11/Jan/2021:10:49:33 +0800] 0:0:0:0:0:0:0:1 [GET /widget/findJson?eova_code=eova_field_code&eova_field=object_code&page=1&limit=15 HTTP/1.1] 200 6
[11/Jan/2021:10:49:35 +0800] 0:0:0:0:0:0:0:1 [POST /widget/findCnByEn?val=test_test&eova_code=eova_field_code&eova_field=object_code HTTP/1.1] 200 4
[11/Jan/2021:10:49:41 +0800] 0:0:0:0:0:0:0:1 [GET /toIcon HTTP/1.1] 200 4
[11/Jan/2021:10:49:41 +0800] 0:0:0:0:0:0:0:1 [GET /eova/plugins/eova/theme/icon/icon.css HTTP/1.1] 200 2
[11/Jan/2021:10:49:41 +0800] 0:0:0:0:0:0:0:1 [GET /eova/plugins/eova/theme/layui/eova.css HTTP/1.1] 200 3
[11/Jan/2021:10:49:41 +0800] 0:0:0:0:0:0:0:1 [GET /eova/plugins/eova/theme/icon/icon.js HTTP/1.1] 200 2
[11/Jan/2021:10:49:47 +0800] 0:0:0:0:0:0:0:1 [POST /menu/add HTTP/1.1] 200 25
[11/Jan/2021:10:49:47 +0800] 0:0:0:0:0:0:0:1 [GET /single_tree/list/eova_menu HTTP/1.1] 200 7
[11/Jan/2021:10:49:47 +0800] 0:0:0:0:0:0:0:1 [GET /meta/object/eova_menu_code HTTP/1.1] 200 1
[11/Jan/2021:10:49:47 +0800] 0:0:0:0:0:0:0:1 [GET /meta/fields/eova_menu_code HTTP/1.1] 200 3
[11/Jan/2021:10:49:47 +0800] 0:0:0:0:0:0:0:1 [GET /tree/query/eova_menu_code-eova_menu HTTP/1.1] 200 5
[11/Jan/2021:10:49:51 +0800] 0:0:0:0:0:0:0:1 [GET / HTTP/1.1] 200 5
[11/Jan/2021:10:49:51 +0800] 0:0:0:0:0:0:0:1 [GET /welcome HTTP/1.1] 200 1
[11/Jan/2021:10:49:51 +0800] 0:0:0:0:0:0:0:1 [GET /favicon.ico HTTP/1.1] 200 2
[11/Jan/2021:10:49:54 +0800] 0:0:0:0:0:0:0:1 [GET /single_grid/list/test_test HTTP/1.1] 200 8
[11/Jan/2021:10:49:54 +0800] 0:0:0:0:0:0:0:1 [GET /meta/object/test_test HTTP/1.1] 200 1
[11/Jan/2021:10:49:54 +0800] 0:0:0:0:0:0:0:1 [GET /meta/fields/test_test HTTP/1.1] 200 2
[11/Jan/2021:10:49:55 +0800] 0:0:0:0:0:0:0:1 [GET /grid/query/test_test-test_test?page=1&limit=15 HTTP/1.1] 200 12
[11/Jan/2021:10:49:58 +0800] 0:0:0:0:0:0:0:1 [GET /single_grid/importXls/test_test HTTP/1.1] 200 4
[11/Jan/2021:10:53:25 +0800] 0:0:0:0:0:0:0:1 [GET /single_grid/importXls/test_test HTTP/1.1] 200 2
[11/Jan/2021:11:09:52 +0800] 0:0:0:0:0:0:0:1 [GET /copyright HTTP/1.1] 200 1
[11/Jan/2021:11:09:55 +0800] 0:0:0:0:0:0:0:1 [GET /copyright HTTP/1.1] 200 1
[11/Jan/2021:11:35:31 +0800] 0:0:0:0:0:0:0:1 [POST /api/test/find HTTP/1.1] 404 4
[11/Jan/2021:11:35:45 +0800] 127.0.0.1 [POST /api/test/find HTTP/1.1] 404 1
[11/Jan/2021:11:36:17 +0800] 127.0.0.1 [POST /api/test/find?id=8 HTTP/1.1] 404 1
[11/Jan/2021:11:36:18 +0800] 127.0.0.1 [POST /api/test/find?id=8 HTTP/1.1] 404 1
[11/Jan/2021:12:44:02 +0800] 0:0:0:0:0:0:0:1 [GET / HTTP/1.1] 302 33
[11/Jan/2021:12:44:02 +0800] 0:0:0:0:0:0:0:1 [GET /toLogin HTTP/1.1] 200 162
[11/Jan/2021:12:44:02 +0800] 0:0:0:0:0:0:0:1 [GET /eova/plugins/layui/dist/layui.js HTTP/1.1] 200 12
[11/Jan/2021:12:44:02 +0800] 0:0:0:0:0:0:0:1 [GET /eova/ui/css/login.css HTTP/1.1] 200 13
[11/Jan/2021:12:44:02 +0800] 0:0:0:0:0:0:0:1 [GET /eova/plugins/layui/dist/css/layui.css HTTP/1.1] 200 16
[11/Jan/2021:12:44:02 +0800] 0:0:0:0:0:0:0:1 [GET /eova/ui/js/jquery.min.js HTTP/1.1] 200 14
[11/Jan/2021:12:44:02 +0800] 0:0:0:0:0:0:0:1 [GET /eova/plugins/layui/dist/css/modules/layer/default/layer.css?v=3.1.1 HTTP/1.1] 200 5
[11/Jan/2021:12:44:02 +0800] 0:0:0:0:0:0:0:1 [GET /favicon.ico HTTP/1.1] 200 4
[11/Jan/2021:12:44:03 +0800] 0:0:0:0:0:0:0:1 [POST /doLogin HTTP/1.1] 302 32
[11/Jan/2021:12:44:04 +0800] 0:0:0:0:0:0:0:1 [GET / HTTP/1.1] 200 68
[11/Jan/2021:12:44:04 +0800] 0:0:0:0:0:0:0:1 [GET /eova/plugins/eova/theme/icon/icon.css?v=2.1.1 HTTP/1.1] 200 11
[11/Jan/2021:12:44:04 +0800] 0:0:0:0:0:0:0:1 [GET /eova/plugins/eova/copyright/eova.defense.min.js?v=2.1.1 HTTP/1.1] 200 15
[11/Jan/2021:12:44:04 +0800] 0:0:0:0:0:0:0:1 [GET /eova/plugins/eova/eova.min.js?v=2.1.1 HTTP/1.1] 200 16
[11/Jan/2021:12:44:04 +0800] 0:0:0:0:0:0:0:1 [GET /eova/ui/js/index.js?v=2.1.1 HTTP/1.1] 200 9
[11/Jan/2021:12:44:04 +0800] 0:0:0:0:0:0:0:1 [GET /eova/ui/js/common.js?v=2.1.1 HTTP/1.1] 200 16
[11/Jan/2021:12:44:04 +0800] 0:0:0:0:0:0:0:1 [GET /welcome HTTP/1.1] 200 13
[11/Jan/2021:12:44:07 +0800] 0:0:0:0:0:0:0:1 [GET /single_grid/list/test_test HTTP/1.1] 200 131
[11/Jan/2021:12:44:07 +0800] 0:0:0:0:0:0:0:1 [GET /eova/plugins/eova/i18n/zh_CN.js HTTP/1.1] 200 7
[11/Jan/2021:12:44:07 +0800] 0:0:0:0:0:0:0:1 [GET /eova/ui/js/table.js?v=2.1.1 HTTP/1.1] 200 9
[11/Jan/2021:12:44:07 +0800] 0:0:0:0:0:0:0:1 [GET /eova/ui/js/json2-min.js HTTP/1.1] 200 13
[11/Jan/2021:12:44:07 +0800] 0:0:0:0:0:0:0:1 [GET /eova/plugins/My97DatePicker/WdatePicker.js HTTP/1.1] 200 11
[11/Jan/2021:12:44:07 +0800] 0:0:0:0:0:0:0:1 [GET /eova/plugins/format/jsformat.js HTTP/1.1] 200 7
[11/Jan/2021:12:44:07 +0800] 0:0:0:0:0:0:0:1 [GET /eova/plugins/ztree/js/jquery.ztree.all.min.js HTTP/1.1] 200 26
[11/Jan/2021:12:44:07 +0800] 0:0:0:0:0:0:0:1 [GET /eova/plugins/nice/jquery.validator.min.js?local=zh-CN HTTP/1.1] 200 27
[11/Jan/2021:12:44:07 +0800] 0:0:0:0:0:0:0:1 [GET /eova/plugins/easyui/jquery.easyui.min.js HTTP/1.1] 200 32
[11/Jan/2021:12:44:07 +0800] 0:0:0:0:0:0:0:1 [GET /eova/ui/js/operation.js HTTP/1.1] 200 19
[11/Jan/2021:12:44:07 +0800] 0:0:0:0:0:0:0:1 [GET /meta/object/test_test HTTP/1.1] 200 8
[11/Jan/2021:12:44:07 +0800] 0:0:0:0:0:0:0:1 [GET /meta/fields/test_test HTTP/1.1] 200 5
[11/Jan/2021:12:44:07 +0800] 0:0:0:0:0:0:0:1 [GET /grid/query/test_test-test_test?page=1&limit=15 HTTP/1.1] 200 21
[11/Jan/2021:12:45:04 +0800] 0:0:0:0:0:0:0:1 [GET /eova/plugins/layui/dist/css/modules/layer/default/loading-1.gif HTTP/1.1] 200 12
[11/Jan/2021:12:45:04 +0800] 0:0:0:0:0:0:0:1 [GET /eova/plugins/layui/dist/css/modules/layer/default/icon.png HTTP/1.1] 200 15
[11/Jan/2021:12:45:04 +0800] 0:0:0:0:0:0:0:1 [GET /single_grid/importXls/test_test HTTP/1.1] 200 19
[11/Jan/2021:12:46:21 +0800] 0:0:0:0:0:0:0:1 [GET /form/detail/test_test-1 HTTP/1.1] 200 106
[11/Jan/2021:12:46:45 +0800] 0:0:0:0:0:0:0:1 [GET /form/update/test_test-7 HTTP/1.1] 200 12
[11/Jan/2021:12:46:48 +0800] 0:0:0:0:0:0:0:1 [POST /form/doUpdate/test_test HTTP/1.1] 200 39
[11/Jan/2021:12:46:49 +0800] 0:0:0:0:0:0:0:1 [GET /grid/query/test_test-test_test?page=1&limit=15 HTTP/1.1] 200 7
[11/Jan/2021:12:46:52 +0800] 0:0:0:0:0:0:0:1 [GET / HTTP/1.1] 200 10
[11/Jan/2021:12:46:52 +0800] 0:0:0:0:0:0:0:1 [GET /welcome HTTP/1.1] 200 2
[11/Jan/2021:12:46:52 +0800] 0:0:0:0:0:0:0:1 [GET /favicon.ico HTTP/1.1] 200 3
[11/Jan/2021:12:46:55 +0800] 0:0:0:0:0:0:0:1 [GET /single_grid/list/test_test HTTP/1.1] 200 15
[11/Jan/2021:12:46:55 +0800] 0:0:0:0:0:0:0:1 [GET /meta/object/test_test HTTP/1.1] 200 3
[11/Jan/2021:12:46:55 +0800] 0:0:0:0:0:0:0:1 [GET /meta/fields/test_test HTTP/1.1] 200 3
[11/Jan/2021:12:46:55 +0800] 0:0:0:0:0:0:0:1 [GET /grid/query/test_test-test_test?page=1&limit=15 HTTP/1.1] 200 9
[11/Jan/2021:12:47:07 +0800] 0:0:0:0:0:0:0:1 [GET /single_grid/importXls/test_test HTTP/1.1] 200 2
[11/Jan/2021:12:49:13 +0800] 0:0:0:0:0:0:0:1 [GET /single_grid/importXls/test_test HTTP/1.1] 200 2
[11/Jan/2021:12:50:19 +0800] 0:0:0:0:0:0:0:1 [GET /single_grid/importXls/test_test HTTP/1.1] 200 1
[11/Jan/2021:12:50:59 +0800] 0:0:0:0:0:0:0:1 [GET /single_grid/importXls/test_test HTTP/1.1] 200 2
[11/Jan/2021:12:51:10 +0800] 0:0:0:0:0:0:0:1 [POST /single_grid/doImportXls/test_test HTTP/1.1] 200 40
[11/Jan/2021:12:51:10 +0800] 0:0:0:0:0:0:0:1 [GET /grid/query/test_test-test_test?page=1&limit=15 HTTP/1.1] 200 7
[11/Jan/2021:12:52:24 +0800] 0:0:0:0:0:0:0:1 [GET /single_chart/list/data_money HTTP/1.1] 200 28
[11/Jan/2021:12:52:24 +0800] 0:0:0:0:0:0:0:1 [GET /eova/plugins/echarts/echarts.min.js HTTP/1.1] 200 17
[11/Jan/2021:12:52:24 +0800] 0:0:0:0:0:0:0:1 [GET /meta/object/data_money HTTP/1.1] 200 2
[11/Jan/2021:12:52:24 +0800] 0:0:0:0:0:0:0:1 [GET /meta/fields/data_money HTTP/1.1] 200 3
[11/Jan/2021:12:52:25 +0800] 0:0:0:0:0:0:0:1 [GET /grid/query/data_money-data_money?page=1&limit=5000&field=id&order=asc HTTP/1.1] 200 12
[11/Jan/2021:12:55:42 +0800] 0:0:0:0:0:0:0:1 [GET /single_grid/importXls/test_test HTTP/1.1] 200 4
[11/Jan/2021:12:55:52 +0800] 0:0:0:0:0:0:0:1 [POST /single_grid/doImportXls/test_test HTTP/1.1] 200 11
[11/Jan/2021:12:55:52 +0800] 0:0:0:0:0:0:0:1 [GET /grid/query/test_test-test_test?page=1&limit=15 HTTP/1.1] 200 6
[11/Jan/2021:12:57:25 +0800] 0:0:0:0:0:0:0:1 [GET /grid/query/test_test-test_test?page=1&limit=30 HTTP/1.1] 200 7
[11/Jan/2021:12:58:10 +0800] 0:0:0:0:0:0:0:1 [GET /button/quick/test_test HTTP/1.1] 200 15
[11/Jan/2021:12:58:10 +0800] 0:0:0:0:0:0:0:1 [GET /widget/comboJson?exp=selectEovaRole HTTP/1.1] 200 5
[11/Jan/2021:12:58:19 +0800] 0:0:0:0:0:0:0:1 [GET /toIcon HTTP/1.1] 200 2
[11/Jan/2021:12:58:19 +0800] 0:0:0:0:0:0:0:1 [GET /eova/plugins/eova/theme/layui/eova.css HTTP/1.1] 200 5
[11/Jan/2021:12:58:19 +0800] 0:0:0:0:0:0:0:1 [GET /eova/plugins/eova/theme/icon/icon.css HTTP/1.1] 200 5
[11/Jan/2021:12:58:19 +0800] 0:0:0:0:0:0:0:1 [GET /eova/plugins/eova/theme/icon/icon.js HTTP/1.1] 200 6
[11/Jan/2021:13:00:48 +0800] 0:0:0:0:0:0:0:1 [GET /grid/query/test_test-test_test?page=1&limit=30&field=id&order=asc HTTP/1.1] 200 9
[11/Jan/2021:13:00:50 +0800] 0:0:0:0:0:0:0:1 [GET /grid/query/test_test-test_test?page=1&limit=30&field=id&order=desc HTTP/1.1] 200 7
[11/Jan/2021:13:00:51 +0800] 0:0:0:0:0:0:0:1 [GET /grid/query/test_test-test_test?page=1&limit=30&field=id&order= HTTP/1.1] 200 7
[11/Jan/2021:13:00:52 +0800] 0:0:0:0:0:0:0:1 [GET /grid/query/test_test-test_test?page=1&limit=30&field=id&order=asc HTTP/1.1] 200 7
[11/Jan/2021:13:00:53 +0800] 0:0:0:0:0:0:0:1 [GET /grid/query/test_test-test_test?page=1&limit=30&field=id&order=desc HTTP/1.1] 200 6
[11/Jan/2021:13:00:59 +0800] 0:0:0:0:0:0:0:1 [GET /grid/query/test_test-test_test?page=1&limit=30&field=id&order=asc HTTP/1.1] 200 9
[11/Jan/2021:13:06:52 +0800] 0:0:0:0:0:0:0:1 [GET /copyright HTTP/1.1] 200 1
[11/Jan/2021:13:06:56 +0800] 0:0:0:0:0:0:0:1 [GET /copyright HTTP/1.1] 200 1
[11/Jan/2021:13:10:45 +0800] 0:0:0:0:0:0:0:1 [GET /button/quick/test_test HTTP/1.1] 200 4
[11/Jan/2021:13:10:45 +0800] 0:0:0:0:0:0:0:1 [GET /widget/comboJson?exp=selectEovaRole HTTP/1.1] 200 2
[11/Jan/2021:13:10:52 +0800] 0:0:0:0:0:0:0:1 [GET /single_grid/list/sys_users HTTP/1.1] 200 15
[11/Jan/2021:13:10:52 +0800] 0:0:0:0:0:0:0:1 [GET /meta/object/eova_user_code HTTP/1.1] 200 3
[11/Jan/2021:13:10:52 +0800] 0:0:0:0:0:0:0:1 [GET /meta/fields/eova_user_code HTTP/1.1] 200 3
[11/Jan/2021:13:10:52 +0800] 0:0:0:0:0:0:0:1 [GET /widget/comboJson/eova_user_code-rid HTTP/1.1] 200 7
[11/Jan/2021:13:10:52 +0800] 0:0:0:0:0:0:0:1 [GET /grid/query/eova_user_code-sys_users?page=1&limit=15 HTTP/1.1] 200 13
[11/Jan/2021:13:10:53 +0800] 0:0:0:0:0:0:0:1 [GET /button/quick/sys_users HTTP/1.1] 200 3
[11/Jan/2021:13:10:53 +0800] 0:0:0:0:0:0:0:1 [GET /widget/comboJson?exp=selectEovaRole HTTP/1.1] 200 2
[11/Jan/2021:13:12:25 +0800] 0:0:0:0:0:0:0:1 [GET /copyright HTTP/1.1] 200 1
[11/Jan/2021:13:30:53 +0800] 0:0:0:0:0:0:0:1 [GET /copyright HTTP/1.1] 200 1
[11/Jan/2021:13:30:54 +0800] 0:0:0:0:0:0:0:1 [GET /copyright HTTP/1.1] 200 1
[11/Jan/2021:15:06:52 +0800] 0:0:0:0:0:0:0:1 [GET /single_grid/list/sys_auth_role HTTP/1.1] 302 1
[11/Jan/2021:15:06:52 +0800] 0:0:0:0:0:0:0:1 [GET /toLogin HTTP/1.1] 200 2
[11/Jan/2021:15:06:52 +0800] 0:0:0:0:0:0:0:1 [GET /eova/ui/css/login.css HTTP/1.1] 200 1
[11/Jan/2021:15:06:52 +0800] 0:0:0:0:0:0:0:1 [GET /toLogin HTTP/1.1] 200 2
[11/Jan/2021:15:06:54 +0800] 0:0:0:0:0:0:0:1 [POST /doLogin HTTP/1.1] 302 7
[11/Jan/2021:15:06:54 +0800] 0:0:0:0:0:0:0:1 [GET / HTTP/1.1] 200 7
[11/Jan/2021:15:06:54 +0800] 0:0:0:0:0:0:0:1 [GET /welcome HTTP/1.1] 200 2
[11/Jan/2021:15:06:56 +0800] 0:0:0:0:0:0:0:1 [GET /single_grid/list/sys_users HTTP/1.1] 200 13
[11/Jan/2021:15:06:56 +0800] 0:0:0:0:0:0:0:1 [GET /eova/plugins/eova/theme/icon/icon.css?v=2.1.1 HTTP/1.1] 200 2
[11/Jan/2021:15:06:56 +0800] 0:0:0:0:0:0:0:1 [GET /meta/object/eova_user_code HTTP/1.1] 200 2
[11/Jan/2021:15:06:56 +0800] 0:0:0:0:0:0:0:1 [GET /meta/fields/eova_user_code HTTP/1.1] 200 3
[11/Jan/2021:15:06:56 +0800] 0:0:0:0:0:0:0:1 [GET /widget/comboJson/eova_user_code-rid HTTP/1.1] 200 3
[11/Jan/2021:15:06:56 +0800] 0:0:0:0:0:0:0:1 [GET /grid/query/eova_user_code-sys_users?page=1&limit=15 HTTP/1.1] 200 7
[11/Jan/2021:15:07:09 +0800] 0:0:0:0:0:0:0:1 [GET /grid/query/eova_user_code-sys_users?page=1&limit=15&field=rid&order=asc HTTP/1.1] 200 10
[11/Jan/2021:15:07:09 +0800] 0:0:0:0:0:0:0:1 [GET /grid/query/eova_user_code-sys_users?page=1&limit=15&field=rid&order=desc HTTP/1.1] 200 9
[11/Jan/2021:15:07:10 +0800] 0:0:0:0:0:0:0:1 [GET /grid/query/eova_user_code-sys_users?page=1&limit=15&field=id&order=asc HTTP/1.1] 200 10
[11/Jan/2021:15:07:11 +0800] 0:0:0:0:0:0:0:1 [GET /grid/query/eova_user_code-sys_users?page=1&limit=15&field=id&order=desc HTTP/1.1] 200 8
[11/Jan/2021:15:07:13 +0800] 0:0:0:0:0:0:0:1 [GET /grid/query/eova_user_code-sys_users?page=1&limit=15&field=id&order= HTTP/1.1] 200 8
[11/Jan/2021:15:07:22 +0800] 0:0:0:0:0:0:0:1 [GET /single_grid/list/test_test HTTP/1.1] 200 8
[11/Jan/2021:15:07:22 +0800] 0:0:0:0:0:0:0:1 [GET /meta/object/test_test HTTP/1.1] 200 2
[11/Jan/2021:15:07:22 +0800] 0:0:0:0:0:0:0:1 [GET /meta/fields/test_test HTTP/1.1] 200 2
[11/Jan/2021:15:07:22 +0800] 0:0:0:0:0:0:0:1 [GET /grid/query/test_test-test_test?page=1&limit=15 HTTP/1.1] 200 6
[11/Jan/2021:15:08:44 +0800] 0:0:0:0:0:0:0:1 [GET /grid/query/eova_user_code-sys_users?page=1&limit=15&field=id&order=&query_rid=&query_login_id= HTTP/1.1] 200 8
[11/Jan/2021:15:08:46 +0800] 0:0:0:0:0:0:0:1 [GET /grid/query/eova_user_code-sys_users?page=1&limit=15&field=id&order=&query_rid=&query_login_id= HTTP/1.1] 200 7
[11/Jan/2021:15:08:47 +0800] 0:0:0:0:0:0:0:1 [GET /grid/query/eova_user_code-sys_users?page=1&limit=15&field=id&order=&query_rid=&query_login_id= HTTP/1.1] 200 7
[11/Jan/2021:15:08:47 +0800] 0:0:0:0:0:0:0:1 [GET /grid/query/eova_user_code-sys_users?page=1&limit=15&field=id&order=&query_rid=&query_login_id= HTTP/1.1] 200 10
[11/Jan/2021:15:09:13 +0800] 0:0:0:0:0:0:0:1 [GET /single_chart/list/data_money HTTP/1.1] 200 9
[11/Jan/2021:15:09:13 +0800] 0:0:0:0:0:0:0:1 [GET /eova/plugins/echarts/echarts.min.js HTTP/1.1] 200 16
[11/Jan/2021:15:09:13 +0800] 0:0:0:0:0:0:0:1 [GET /meta/object/data_money HTTP/1.1] 200 2
[11/Jan/2021:15:09:13 +0800] 0:0:0:0:0:0:0:1 [GET /meta/fields/data_money HTTP/1.1] 200 2
[11/Jan/2021:15:09:15 +0800] 0:0:0:0:0:0:0:1 [GET /grid/query/data_money-data_money?page=1&limit=5000&field=id&order=asc HTTP/1.1] 200 5
[11/Jan/2021:15:09:40 +0800] 0:0:0:0:0:0:0:1 [GET /eova/plugins/layui/dist/css/modules/layer/default/loading-1.gif HTTP/1.1] 200 2
[11/Jan/2021:15:09:40 +0800] 0:0:0:0:0:0:0:1 [GET /eova/plugins/layui/dist/css/modules/layer/default/icon.png HTTP/1.1] 200 2
[11/Jan/2021:15:09:40 +0800] 0:0:0:0:0:0:0:1 [GET /form/update/eova_menu_code-1149 HTTP/1.1] 200 19
[11/Jan/2021:15:09:41 +0800] 0:0:0:0:0:0:0:1 [GET /eova/plugins/jsoneditor/img/jsoneditor-icons.svg HTTP/1.1] 200 2
[11/Jan/2021:15:09:41 +0800] 0:0:0:0:0:0:0:1 [GET /widget/comboTreeJson/eova_menu_code-parent_id HTTP/1.1] 200 8
[11/Jan/2021:15:09:47 +0800] 0:0:0:0:0:0:0:1 [GET /eova/plugins/ztree/css/metroStyle/img/metro.png HTTP/1.1] 200 1
[11/Jan/2021:15:10:40 +0800] 0:0:0:0:0:0:0:1 [GET / HTTP/1.1] 200 6
[11/Jan/2021:15:10:40 +0800] 0:0:0:0:0:0:0:1 [GET /welcome HTTP/1.1] 200 1
[11/Jan/2021:15:10:40 +0800] 0:0:0:0:0:0:0:1 [GET /favicon.ico HTTP/1.1] 200 2
[11/Jan/2021:15:10:43 +0800] 0:0:0:0:0:0:0:1 [GET /single_grid/list/sys_users HTTP/1.1] 200 8
[11/Jan/2021:15:10:43 +0800] 0:0:0:0:0:0:0:1 [GET /meta/object/eova_user_code HTTP/1.1] 200 2
[11/Jan/2021:15:10:43 +0800] 0:0:0:0:0:0:0:1 [GET /meta/fields/eova_user_code HTTP/1.1] 200 3
[11/Jan/2021:15:10:43 +0800] 0:0:0:0:0:0:0:1 [GET /widget/comboJson/eova_user_code-rid HTTP/1.1] 200 3
[11/Jan/2021:15:10:43 +0800] 0:0:0:0:0:0:0:1 [GET /grid/query/eova_user_code-sys_users?page=1&limit=15 HTTP/1.1] 200 7
[11/Jan/2021:15:10:43 +0800] 0:0:0:0:0:0:0:1 [GET /single_chart/list/data_money HTTP/1.1] 200 8
[11/Jan/2021:15:10:43 +0800] 0:0:0:0:0:0:0:1 [GET /meta/object/data_money HTTP/1.1] 200 2
[11/Jan/2021:15:10:43 +0800] 0:0:0:0:0:0:0:1 [GET /meta/fields/data_money HTTP/1.1] 200 2
[11/Jan/2021:15:10:45 +0800] 0:0:0:0:0:0:0:1 [GET /grid/query/data_money-data_money?page=1&limit=5000&field=id&order=asc HTTP/1.1] 200 6
[11/Jan/2021:15:30:41 +0800] 0:0:0:0:0:0:0:1 [GET /copyright HTTP/1.1] 200 1
[11/Jan/2021:15:30:44 +0800] 0:0:0:0:0:0:0:1 [GET /copyright HTTP/1.1] 200 1
[11/Jan/2021:15:30:44 +0800] 0:0:0:0:0:0:0:1 [GET /copyright HTTP/1.1] 200 1
[11/Jan/2021:15:38:40 +0800] 0:0:0:0:0:0:0:1 [GET /eova/ui/js/jquery.min.map HTTP/1.1] 200 7
[11/Jan/2021:15:38:46 +0800] 0:0:0:0:0:0:0:1 [POST /doLogin HTTP/1.1] 302 5
[11/Jan/2021:15:38:46 +0800] 0:0:0:0:0:0:0:1 [GET / HTTP/1.1] 200 4
[11/Jan/2021:15:38:46 +0800] 0:0:0:0:0:0:0:1 [GET /eova/plugins/eova/eova.min.js?v=2.1.1 HTTP/1.1] 200 4
[11/Jan/2021:15:38:46 +0800] 0:0:0:0:0:0:0:1 [GET /eova/ui/js/index.js?v=2.1.1 HTTP/1.1] 200 3
[11/Jan/2021:15:38:46 +0800] 0:0:0:0:0:0:0:1 [GET /eova/plugins/eova/copyright/eova.defense.min.js?v=2.1.1 HTTP/1.1] 200 6
[11/Jan/2021:15:38:46 +0800] 0:0:0:0:0:0:0:1 [GET /eova/ui/js/common.js?v=2.1.1 HTTP/1.1] 200 5
[11/Jan/2021:15:38:46 +0800] 0:0:0:0:0:0:0:1 [GET /welcome HTTP/1.1] 200 2
[11/Jan/2021:15:38:46 +0800] 0:0:0:0:0:0:0:1 [GET /eova/plugins/eova/eova.min.js.map HTTP/1.1] 200 5
[11/Jan/2021:15:39:04 +0800] 0:0:0:0:0:0:0:1 [GET /doLogin HTTP/1.1] 200 4
[11/Jan/2021:15:39:04 +0800] 0:0:0:0:0:0:0:1 [GET /eova/plugins/layui/dist/css/layui.css HTTP/1.1] 200 4
[11/Jan/2021:15:39:04 +0800] 0:0:0:0:0:0:0:1 [GET /eova/ui/js/jquery.min.js HTTP/1.1] 200 4
[11/Jan/2021:15:39:04 +0800] 0:0:0:0:0:0:0:1 [GET /eova/plugins/layui/dist/layui.js HTTP/1.1] 200 3
[11/Jan/2021:15:39:04 +0800] 0:0:0:0:0:0:0:1 [GET /eova/plugins/layui/dist/css/modules/layer/default/layer.css?v=3.1.1 HTTP/1.1] 200 3
[11/Jan/2021:15:39:06 +0800] 0:0:0:0:0:0:0:1 [POST /doLogin HTTP/1.1] 302 5
[11/Jan/2021:15:39:06 +0800] 0:0:0:0:0:0:0:1 [GET / HTTP/1.1] 200 5
[11/Jan/2021:15:39:06 +0800] 0:0:0:0:0:0:0:1 [GET /welcome HTTP/1.1] 200 1
[11/Jan/2021:15:39:12 +0800] 0:0:0:0:0:0:0:1 [GET /welcome HTTP/1.1] 200 1
[11/Jan/2021:15:39:13 +0800] 0:0:0:0:0:0:0:1 [GET /eova/ui/images/logo.png HTTP/1.1] 200 3
[11/Jan/2021:15:39:18 +0800] 0:0:0:0:0:0:0:1 [GET /welcome HTTP/1.1] 200 1
[11/Jan/2021:15:39:21 +0800] 0:0:0:0:0:0:0:1 [GET /welcome HTTP/1.1] 200 1
[11/Jan/2021:15:58:47 +0800] 0:0:0:0:0:0:0:1 [GET /copyright HTTP/1.1] 200 1
[11/Jan/2021:15:59:07 +0800] 0:0:0:0:0:0:0:1 [GET /copyright HTTP/1.1] 200 4
[11/Jan/2021:16:56:45 +0800] 0:0:0:0:0:0:0:1 [GET /single_grid/list/test_test HTTP/1.1] 302 3
[11/Jan/2021:16:56:45 +0800] 0:0:0:0:0:0:0:1 [GET /toLogin HTTP/1.1] 200 1
[11/Jan/2021:16:56:45 +0800] 0:0:0:0:0:0:0:1 [GET /toLogin HTTP/1.1] 200 2
[11/Jan/2021:16:56:46 +0800] 0:0:0:0:0:0:0:1 [POST /doLogin HTTP/1.1] 302 8
[11/Jan/2021:16:56:46 +0800] 0:0:0:0:0:0:0:1 [GET / HTTP/1.1] 200 26
[11/Jan/2021:16:56:46 +0800] 0:0:0:0:0:0:0:1 [GET /welcome HTTP/1.1] 200 2
[11/Jan/2021:16:56:49 +0800] 0:0:0:0:0:0:0:1 [GET /single_grid/list/test_test HTTP/1.1] 200 12
[11/Jan/2021:16:56:49 +0800] 0:0:0:0:0:0:0:1 [GET /meta/object/test_test HTTP/1.1] 200 2
[11/Jan/2021:16:56:49 +0800] 0:0:0:0:0:0:0:1 [GET /meta/fields/test_test HTTP/1.1] 200 3
[11/Jan/2021:16:56:49 +0800] 0:0:0:0:0:0:0:1 [GET /grid/query/test_test-test_test?page=1&limit=15 HTTP/1.1] 200 5
[11/Jan/2021:16:59:16 +0800] 0:0:0:0:0:0:0:1 [GET /code HTTP/1.1] 200 5
[11/Jan/2021:16:59:16 +0800] 0:0:0:0:0:0:0:1 [GET /eova/ui/css/code.css HTTP/1.1] 200 2
[11/Jan/2021:16:59:27 +0800] 0:0:0:0:0:0:0:1 [GET /single_tree/list/eova_menu HTTP/1.1] 200 26
[11/Jan/2021:16:59:27 +0800] 0:0:0:0:0:0:0:1 [GET /meta/object/eova_menu_code HTTP/1.1] 200 2
[11/Jan/2021:16:59:27 +0800] 0:0:0:0:0:0:0:1 [GET /meta/fields/eova_menu_code HTTP/1.1] 200 4
[11/Jan/2021:16:59:27 +0800] 0:0:0:0:0:0:0:1 [GET /tree/query/eova_menu_code-eova_menu HTTP/1.1] 200 8
[11/Jan/2021:16:59:27 +0800] 0:0:0:0:0:0:0:1 [GET /eova/plugins/ztree/css/metroStyle/img/metro.png HTTP/1.1] 200 2
[11/Jan/2021:16:59:27 +0800] 0:0:0:0:0:0:0:1 [GET /eova/plugins/ztree/css/metroStyle/img/line_conn.png HTTP/1.1] 200 2
[11/Jan/2021:16:59:40 +0800] 0:0:0:0:0:0:0:1 [GET /form/update/eova_menu_code-1151 HTTP/1.1] 200 6
[11/Jan/2021:16:59:40 +0800] 0:0:0:0:0:0:0:1 [GET /eova/plugins/jsoneditor/img/jsoneditor-icons.svg HTTP/1.1] 200 1
[11/Jan/2021:16:59:40 +0800] 0:0:0:0:0:0:0:1 [GET /widget/comboTreeJson/eova_menu_code-parent_id HTTP/1.1] 200 4
[11/Jan/2021:17:00:34 +0800] 0:0:0:0:0:0:0:1 [GET /meta/edit/test_test HTTP/1.1] 200 10
[11/Jan/2021:17:00:34 +0800] 0:0:0:0:0:0:0:1 [GET /meta/object/eova_field_code HTTP/1.1] 200 3
[11/Jan/2021:17:00:34 +0800] 0:0:0:0:0:0:0:1 [GET /meta/fields/eova_field_code HTTP/1.1] 200 5
[11/Jan/2021:17:00:34 +0800] 0:0:0:0:0:0:0:1 [GET /grid/query/eova_field_code?page=1&limit=5000&query_object_code=test_test HTTP/1.1] 200 19
[11/Jan/2021:17:00:34 +0800] 0:0:0:0:0:0:0:1 [GET /widget/comboJson/eova_field_code-type HTTP/1.1] 200 5
[11/Jan/2021:17:00:34 +0800] 0:0:0:0:0:0:0:1 [GET /widget/comboJson/eova_field_code-add_status HTTP/1.1] 200 5
[11/Jan/2021:17:00:34 +0800] 0:0:0:0:0:0:0:1 [GET /widget/comboJson/eova_field_code-update_status HTTP/1.1] 200 3
[11/Jan/2021:17:00:34 +0800] 0:0:0:0:0:0:0:1 [GET /widget/comboJson/eova_field_code-type HTTP/1.1] 200 2
[11/Jan/2021:17:00:34 +0800] 0:0:0:0:0:0:0:1 [GET /widget/comboJson/eova_field_code-add_status HTTP/1.1] 200 2
[11/Jan/2021:17:00:34 +0800] 0:0:0:0:0:0:0:1 [GET /widget/comboJson/eova_field_code-update_status HTTP/1.1] 200 2
[11/Jan/2021:17:00:34 +0800] 0:0:0:0:0:0:0:1 [GET /widget/comboJson/eova_field_code-type HTTP/1.1] 200 3
[11/Jan/2021:17:00:34 +0800] 0:0:0:0:0:0:0:1 [GET /widget/comboJson/eova_field_code-add_status HTTP/1.1] 200 3
[11/Jan/2021:17:00:34 +0800] 0:0:0:0:0:0:0:1 [GET /widget/comboJson/eova_field_code-update_status HTTP/1.1] 200 4
[11/Jan/2021:17:00:34 +0800] 0:0:0:0:0:0:0:1 [GET /widget/comboJson/eova_field_code-type HTTP/1.1] 200 3
[11/Jan/2021:17:00:34 +0800] 0:0:0:0:0:0:0:1 [GET /widget/comboJson/eova_field_code-add_status HTTP/1.1] 200 3
[11/Jan/2021:17:00:34 +0800] 0:0:0:0:0:0:0:1 [GET /widget/comboJson/eova_field_code-update_status HTTP/1.1] 200 3
[11/Jan/2021:17:16:47 +0800] 0:0:0:0:0:0:0:1 [GET /copyright HTTP/1.1] 200 1
[11/Jan/2021:17:16:50 +0800] 0:0:0:0:0:0:0:1 [GET /copyright HTTP/1.1] 200 1
[11/Jan/2021:17:20:35 +0800] 0:0:0:0:0:0:0:1 [GET /copyright HTTP/1.1] 200 1
