[06/Jan/2021:10:23:46 +0800] 0:0:0:0:0:0:0:1 [GET / HTTP/1.1] 302 40
[06/Jan/2021:10:23:46 +0800] 0:0:0:0:0:0:0:1 [GET /toLogin HTTP/1.1] 200 152
[06/Jan/2021:10:23:47 +0800] 0:0:0:0:0:0:0:1 [GET /eova/plugins/layui/dist/css/layui.css HTTP/1.1] 200 26
[06/Jan/2021:10:23:51 +0800] 0:0:0:0:0:0:0:1 [GET /toLogin HTTP/1.1] 200 4
[06/Jan/2021:10:23:51 +0800] 0:0:0:0:0:0:0:1 [GET /eova/plugins/layui/dist/css/layui.css HTTP/1.1] 200 5
[06/Jan/2021:10:23:51 +0800] 0:0:0:0:0:0:0:1 [GET /eova/ui/css/login.css HTTP/1.1] 200 8
[06/Jan/2021:10:23:51 +0800] 0:0:0:0:0:0:0:1 [GET /eova/plugins/layui/dist/layui.js HTTP/1.1] 200 6
[06/Jan/2021:10:23:51 +0800] 0:0:0:0:0:0:0:1 [GET /eova/ui/js/jquery.min.js HTTP/1.1] 200 9
[06/Jan/2021:10:23:51 +0800] 0:0:0:0:0:0:0:1 [GET /eova/plugins/layui/dist/lay/modules/form.js HTTP/1.1] 200 3
[06/Jan/2021:10:23:51 +0800] 0:0:0:0:0:0:0:1 [GET /eova/plugins/layui/dist/font/iconfont.woff?v=240 HTTP/1.1] 200 7
[06/Jan/2021:10:23:51 +0800] 0:0:0:0:0:0:0:1 [GET /eova/plugins/layui/dist/lay/modules/layer.js HTTP/1.1] 200 8
[06/Jan/2021:10:23:51 +0800] 0:0:0:0:0:0:0:1 [GET /eova/plugins/layui/dist/font/iconfont.ttf?v=240 HTTP/1.1] 200 2
[06/Jan/2021:10:23:51 +0800] 0:0:0:0:0:0:0:1 [GET /eova/plugins/layui/dist/css/modules/layer/default/layer.css?v=3.1.1 HTTP/1.1] 200 5
[06/Jan/2021:10:23:51 +0800] 0:0:0:0:0:0:0:1 [GET /favicon.ico HTTP/1.1] 200 4
[06/Jan/2021:10:23:52 +0800] 0:0:0:0:0:0:0:1 [POST /doLogin HTTP/1.1] 302 20
[06/Jan/2021:10:23:52 +0800] 0:0:0:0:0:0:0:1 [GET / HTTP/1.1] 200 63
[06/Jan/2021:10:23:52 +0800] 0:0:0:0:0:0:0:1 [GET /eova/ui/js/common.js?v=2.1.1 HTTP/1.1] 200 7
[06/Jan/2021:10:23:52 +0800] 0:0:0:0:0:0:0:1 [GET /eova/ui/css/index.css?v=2.1.1 HTTP/1.1] 200 11
[06/Jan/2021:10:23:52 +0800] 0:0:0:0:0:0:0:1 [GET /eova/plugins/eova/theme/layui/eova.css?v=2.1.1 HTTP/1.1] 200 15
[06/Jan/2021:10:23:52 +0800] 0:0:0:0:0:0:0:1 [GET /eova/plugins/eova/copyright/eova.defense.min.js?v=2.1.1 HTTP/1.1] 200 9
[06/Jan/2021:10:23:52 +0800] 0:0:0:0:0:0:0:1 [GET /eova/plugins/eova/theme/icon/icon.css?v=2.1.1 HTTP/1.1] 200 15
[06/Jan/2021:10:23:52 +0800] 0:0:0:0:0:0:0:1 [GET /eova/plugins/eova/eova.min.js?v=2.1.1 HTTP/1.1] 200 9
[06/Jan/2021:10:23:52 +0800] 0:0:0:0:0:0:0:1 [GET /welcome HTTP/1.1] 200 7
[06/Jan/2021:10:23:52 +0800] 0:0:0:0:0:0:0:1 [GET /eova/ui/js/index.js?v=2.1.1 HTTP/1.1] 200 7
[06/Jan/2021:10:23:52 +0800] 0:0:0:0:0:0:0:1 [GET /eova/plugins/layui/dist/lay/modules/element.js HTTP/1.1] 200 5
[06/Jan/2021:10:23:55 +0800] 0:0:0:0:0:0:0:1 [GET /single_grid/list/sys_users HTTP/1.1] 200 140
[06/Jan/2021:10:23:55 +0800] 0:0:0:0:0:0:0:1 [GET /eova/plugins/ztree/css/metroStyle/metroStyle.css HTTP/1.1] 200 10
[06/Jan/2021:10:23:55 +0800] 0:0:0:0:0:0:0:1 [GET /eova/plugins/easyui/themes/gray/easyui.css HTTP/1.1] 200 11
[06/Jan/2021:10:23:55 +0800] 0:0:0:0:0:0:0:1 [GET /eova/ui/css/eova.layout.css?v=2.1.1 HTTP/1.1] 200 15
[06/Jan/2021:10:23:55 +0800] 0:0:0:0:0:0:0:1 [GET /eova/plugins/eova/i18n/zh_CN.js HTTP/1.1] 200 12
[06/Jan/2021:10:23:55 +0800] 0:0:0:0:0:0:0:1 [GET /eova/ui/js/table.js?v=2.1.1 HTTP/1.1] 200 13
[06/Jan/2021:10:23:55 +0800] 0:0:0:0:0:0:0:1 [GET /eova/ui/js/json2-min.js HTTP/1.1] 200 24
[06/Jan/2021:10:23:55 +0800] 0:0:0:0:0:0:0:1 [GET /eova/plugins/nice/jquery.validator.min.js?local=zh-CN HTTP/1.1] 200 8
[06/Jan/2021:10:23:55 +0800] 0:0:0:0:0:0:0:1 [GET /eova/plugins/My97DatePicker/WdatePicker.js HTTP/1.1] 200 10
[06/Jan/2021:10:23:55 +0800] 0:0:0:0:0:0:0:1 [GET /eova/plugins/easyui/jquery.easyui.min.js HTTP/1.1] 200 20
[06/Jan/2021:10:23:55 +0800] 0:0:0:0:0:0:0:1 [GET /eova/plugins/ztree/js/jquery.ztree.all.min.js HTTP/1.1] 200 21
[06/Jan/2021:10:23:55 +0800] 0:0:0:0:0:0:0:1 [GET /eova/plugins/format/jsformat.js HTTP/1.1] 200 19
[06/Jan/2021:10:23:55 +0800] 0:0:0:0:0:0:0:1 [GET /eova/ui/js/operation.js HTTP/1.1] 200 25
[06/Jan/2021:10:23:55 +0800] 0:0:0:0:0:0:0:1 [GET /eova/plugins/nice/jquery.validator.css HTTP/1.1] 200 11
[06/Jan/2021:10:23:55 +0800] 0:0:0:0:0:0:0:1 [GET /eova/plugins/My97DatePicker/skin/WdatePicker.css HTTP/1.1] 200 14
[06/Jan/2021:10:23:55 +0800] 0:0:0:0:0:0:0:1 [GET /eova/plugins/nice/local/zh-CN.js HTTP/1.1] 200 18
[06/Jan/2021:10:23:55 +0800] 0:0:0:0:0:0:0:1 [GET /meta/object/eova_user_code HTTP/1.1] 200 11
[06/Jan/2021:10:23:55 +0800] 0:0:0:0:0:0:0:1 [GET /meta/fields/eova_user_code HTTP/1.1] 200 7
[06/Jan/2021:10:23:55 +0800] 0:0:0:0:0:0:0:1 [GET /eova/plugins/layui/dist/lay/modules/table.js HTTP/1.1] 200 6
[06/Jan/2021:10:23:55 +0800] 0:0:0:0:0:0:0:1 [GET /widget/comboJson/eova_user_code-rid HTTP/1.1] 200 84
[06/Jan/2021:10:23:55 +0800] 0:0:0:0:0:0:0:1 [GET /eova/plugins/layui/dist/lay/modules/laytpl.js HTTP/1.1] 200 5
[06/Jan/2021:10:23:55 +0800] 0:0:0:0:0:0:0:1 [GET /eova/plugins/layui/dist/lay/modules/laypage.js HTTP/1.1] 200 4
[06/Jan/2021:10:23:55 +0800] 0:0:0:0:0:0:0:1 [GET /eova/plugins/layui/dist/lay/modules/util.js HTTP/1.1] 200 4
[06/Jan/2021:10:23:55 +0800] 0:0:0:0:0:0:0:1 [GET /grid/query/eova_user_code-sys_users?page=1&limit=15 HTTP/1.1] 200 24
[06/Jan/2021:10:31:39 +0800] 0:0:0:0:0:0:0:1 [GET /eova/plugins/eova/eova.min.js.map HTTP/1.1] 200 9
[06/Jan/2021:10:31:39 +0800] 0:0:0:0:0:0:0:1 [GET /eova/ui/js/jquery.min.map HTTP/1.1] 200 13
[06/Jan/2021:10:33:56 +0800] 0:0:0:0:0:0:0:1 [GET /single_grid/list/sys_auth_role HTTP/1.1] 200 19
[06/Jan/2021:10:33:56 +0800] 0:0:0:0:0:0:0:1 [GET /meta/object/eova_role_code HTTP/1.1] 200 5
[06/Jan/2021:10:33:56 +0800] 0:0:0:0:0:0:0:1 [GET /meta/fields/eova_role_code HTTP/1.1] 200 3
[06/Jan/2021:10:33:56 +0800] 0:0:0:0:0:0:0:1 [GET /grid/query/eova_role_code-sys_auth_role?page=1&limit=15 HTTP/1.1] 200 13
[06/Jan/2021:10:43:53 +0800] 0:0:0:0:0:0:0:1 [GET /copyright HTTP/1.1] 302 28
[06/Jan/2021:10:43:53 +0800] 0:0:0:0:0:0:0:1 [GET /toLogin HTTP/1.1] 200 127
[06/Jan/2021:10:44:25 +0800] 0:0:0:0:0:0:0:1 [GET /copyright HTTP/1.1] 302 3
[06/Jan/2021:10:44:25 +0800] 0:0:0:0:0:0:0:1 [GET / HTTP/1.1] 302 5
[06/Jan/2021:10:44:25 +0800] 0:0:0:0:0:0:0:1 [GET /toLogin HTTP/1.1] 200 3
[06/Jan/2021:10:44:25 +0800] 0:0:0:0:0:0:0:1 [GET /toLogin HTTP/1.1] 200 2
[06/Jan/2021:10:44:27 +0800] 0:0:0:0:0:0:0:1 [GET / HTTP/1.1] 302 3
[06/Jan/2021:10:44:27 +0800] 0:0:0:0:0:0:0:1 [GET /toLogin HTTP/1.1] 200 2
[06/Jan/2021:10:44:30 +0800] 0:0:0:0:0:0:0:1 [POST /doLogin HTTP/1.1] 302 28
[06/Jan/2021:10:44:30 +0800] 0:0:0:0:0:0:0:1 [GET / HTTP/1.1] 200 59
[06/Jan/2021:10:44:30 +0800] 0:0:0:0:0:0:0:1 [GET /welcome HTTP/1.1] 200 9
[06/Jan/2021:11:33:15 +0800] 0:0:0:0:0:0:0:1 [GET /copyright HTTP/1.1] 302 2
[06/Jan/2021:11:33:15 +0800] 0:0:0:0:0:0:0:1 [GET /toLogin HTTP/1.1] 200 2
[06/Jan/2021:15:20:45 +0800] 0:0:0:0:0:0:0:1 [GET / HTTP/1.1] 302 32
[06/Jan/2021:15:20:45 +0800] 0:0:0:0:0:0:0:1 [GET /toLogin HTTP/1.1] 200 154
[06/Jan/2021:15:20:47 +0800] 0:0:0:0:0:0:0:1 [POST /doLogin HTTP/1.1] 302 23
[06/Jan/2021:15:20:47 +0800] 0:0:0:0:0:0:0:1 [GET / HTTP/1.1] 200 74
[06/Jan/2021:15:20:47 +0800] 0:0:0:0:0:0:0:1 [GET /welcome HTTP/1.1] 200 5
[06/Jan/2021:15:20:53 +0800] 0:0:0:0:0:0:0:1 [GET /single_grid/list/sys_users HTTP/1.1] 200 156
[06/Jan/2021:15:20:53 +0800] 0:0:0:0:0:0:0:1 [GET /meta/object/eova_user_code HTTP/1.1] 200 7
[06/Jan/2021:15:20:53 +0800] 0:0:0:0:0:0:0:1 [GET /meta/fields/eova_user_code HTTP/1.1] 200 7
[06/Jan/2021:15:20:53 +0800] 0:0:0:0:0:0:0:1 [GET /widget/comboJson/eova_user_code-rid HTTP/1.1] 200 83
[06/Jan/2021:15:20:53 +0800] 0:0:0:0:0:0:0:1 [GET /grid/query/eova_user_code-sys_users?page=1&limit=15 HTTP/1.1] 200 20
[06/Jan/2021:15:21:47 +0800] 0:0:0:0:0:0:0:1 [GET /single_grid/list/zybiz_patient HTTP/1.1] 200 22
[06/Jan/2021:15:21:47 +0800] 0:0:0:0:0:0:0:1 [GET /meta/object/zypatient HTTP/1.1] 200 3
[06/Jan/2021:15:21:47 +0800] 0:0:0:0:0:0:0:1 [GET /meta/fields/zypatient HTTP/1.1] 200 7
[06/Jan/2021:15:21:47 +0800] 0:0:0:0:0:0:0:1 [GET /grid/query/zypatient-zybiz_patient?page=1&limit=15 HTTP/1.1] 200 10
[06/Jan/2021:15:25:47 +0800] 0:0:0:0:0:0:0:1 [GET /single_grid/list/zybiz_reservelog HTTP/1.1] 200 17
[06/Jan/2021:15:25:47 +0800] 0:0:0:0:0:0:0:1 [GET /meta/object/reservelog HTTP/1.1] 200 5
[06/Jan/2021:15:25:47 +0800] 0:0:0:0:0:0:0:1 [GET /meta/fields/reservelog HTTP/1.1] 200 5
[06/Jan/2021:15:25:48 +0800] 0:0:0:0:0:0:0:1 [GET /widget/comboJson/reservelog-action HTTP/1.1] 200 10
[06/Jan/2021:15:25:48 +0800] 0:0:0:0:0:0:0:1 [GET /grid/query/reservelog-zybiz_reservelog?page=1&limit=15 HTTP/1.1] 500 24
[06/Jan/2021:16:16:36 +0800] 0:0:0:0:0:0:0:1 [GET /copyright HTTP/1.1] 302 2
[06/Jan/2021:16:16:36 +0800] 0:0:0:0:0:0:0:1 [GET /toLogin HTTP/1.1] 200 7
[06/Jan/2021:16:16:38 +0800] 0:0:0:0:0:0:0:1 [GET / HTTP/1.1] 302 2
[06/Jan/2021:16:16:38 +0800] 0:0:0:0:0:0:0:1 [GET /copyright HTTP/1.1] 302 2
[06/Jan/2021:16:16:38 +0800] 0:0:0:0:0:0:0:1 [GET /toLogin HTTP/1.1] 200 2
[06/Jan/2021:16:16:38 +0800] 0:0:0:0:0:0:0:1 [GET /toLogin HTTP/1.1] 200 3
[06/Jan/2021:16:16:39 +0800] 0:0:0:0:0:0:0:1 [GET /copyright HTTP/1.1] 302 2
[06/Jan/2021:16:16:39 +0800] 0:0:0:0:0:0:0:1 [GET / HTTP/1.1] 302 1
[06/Jan/2021:16:16:39 +0800] 0:0:0:0:0:0:0:1 [GET /toLogin HTTP/1.1] 200 2
[06/Jan/2021:16:16:39 +0800] 0:0:0:0:0:0:0:1 [GET /toLogin HTTP/1.1] 200 2
[06/Jan/2021:16:16:40 +0800] 0:0:0:0:0:0:0:1 [GET / HTTP/1.1] 302 1
[06/Jan/2021:16:16:40 +0800] 0:0:0:0:0:0:0:1 [GET /copyright HTTP/1.1] 302 2
[06/Jan/2021:16:16:40 +0800] 0:0:0:0:0:0:0:1 [GET /toLogin HTTP/1.1] 200 3
[06/Jan/2021:16:16:40 +0800] 0:0:0:0:0:0:0:1 [GET /toLogin HTTP/1.1] 200 2
[06/Jan/2021:16:17:07 +0800] 0:0:0:0:0:0:0:1 [GET / HTTP/1.1] 302 3
[06/Jan/2021:16:17:07 +0800] 0:0:0:0:0:0:0:1 [GET /toLogin HTTP/1.1] 200 2
[06/Jan/2021:16:17:09 +0800] 0:0:0:0:0:0:0:1 [POST /doLogin HTTP/1.1] 302 6
[06/Jan/2021:16:17:09 +0800] 0:0:0:0:0:0:0:1 [GET / HTTP/1.1] 200 14
[06/Jan/2021:16:17:09 +0800] 0:0:0:0:0:0:0:1 [GET /welcome HTTP/1.1] 200 2
[06/Jan/2021:16:17:14 +0800] 0:0:0:0:0:0:0:1 [GET /single_grid/list/eova_dict HTTP/1.1] 200 15
[06/Jan/2021:16:17:15 +0800] 0:0:0:0:0:0:0:1 [GET /meta/object/dicts HTTP/1.1] 200 2
[06/Jan/2021:16:17:15 +0800] 0:0:0:0:0:0:0:1 [GET /meta/fields/dicts HTTP/1.1] 200 4
[06/Jan/2021:16:17:15 +0800] 0:0:0:0:0:0:0:1 [GET /grid/query/dicts-eova_dict?page=1&limit=15 HTTP/1.1] 200 13
[06/Jan/2021:17:18:55 +0800] 0:0:0:0:0:0:0:1 [GET /copyright HTTP/1.1] 302 35
[06/Jan/2021:17:18:55 +0800] 0:0:0:0:0:0:0:1 [GET /toLogin HTTP/1.1] 200 183
[06/Jan/2021:17:18:57 +0800] 0:0:0:0:0:0:0:1 [GET /copyright HTTP/1.1] 302 3
[06/Jan/2021:17:18:57 +0800] 0:0:0:0:0:0:0:1 [GET / HTTP/1.1] 302 4
[06/Jan/2021:17:18:57 +0800] 0:0:0:0:0:0:0:1 [GET /toLogin HTTP/1.1] 200 2
[06/Jan/2021:17:18:57 +0800] 0:0:0:0:0:0:0:1 [GET /toLogin HTTP/1.1] 200 4
[06/Jan/2021:17:18:59 +0800] 0:0:0:0:0:0:0:1 [GET / HTTP/1.1] 302 3
[06/Jan/2021:17:18:59 +0800] 0:0:0:0:0:0:0:1 [GET /toLogin HTTP/1.1] 200 3
[06/Jan/2021:17:19:00 +0800] 0:0:0:0:0:0:0:1 [POST /doLogin HTTP/1.1] 302 26
[06/Jan/2021:17:19:00 +0800] 0:0:0:0:0:0:0:1 [GET / HTTP/1.1] 200 67
[06/Jan/2021:17:19:00 +0800] 0:0:0:0:0:0:0:1 [GET /welcome HTTP/1.1] 200 5
[06/Jan/2021:17:19:02 +0800] 0:0:0:0:0:0:0:1 [GET /single_grid/list/sys_users HTTP/1.1] 200 179
[06/Jan/2021:17:19:02 +0800] 0:0:0:0:0:0:0:1 [GET /meta/object/eova_user_code HTTP/1.1] 200 9
[06/Jan/2021:17:19:02 +0800] 0:0:0:0:0:0:0:1 [GET /meta/fields/eova_user_code HTTP/1.1] 200 10
[06/Jan/2021:17:19:02 +0800] 0:0:0:0:0:0:0:1 [GET /widget/comboJson/eova_user_code-rid HTTP/1.1] 200 99
[06/Jan/2021:17:19:02 +0800] 0:0:0:0:0:0:0:1 [GET /grid/query/eova_user_code-sys_users?page=1&limit=15 HTTP/1.1] 200 32
[06/Jan/2021:17:36:20 +0800] 0:0:0:0:0:0:0:1 [GET /single_grid/list/sys_log HTTP/1.1] 200 24
[06/Jan/2021:17:36:20 +0800] 0:0:0:0:0:0:0:1 [GET /meta/object/eova_log_code HTTP/1.1] 200 4
[06/Jan/2021:17:36:20 +0800] 0:0:0:0:0:0:0:1 [GET /meta/fields/eova_log_code HTTP/1.1] 200 6
[06/Jan/2021:17:36:20 +0800] 0:0:0:0:0:0:0:1 [GET /widget/comboJson/eova_log_code-type HTTP/1.1] 200 6
[06/Jan/2021:17:36:20 +0800] 0:0:0:0:0:0:0:1 [GET /grid/query/eova_log_code-sys_log?page=1&limit=15 HTTP/1.1] 200 24
[06/Jan/2021:17:36:28 +0800] 0:0:0:0:0:0:0:1 [GET /eova/plugins/eova/eova.min.js.map HTTP/1.1] 200 6
[06/Jan/2021:17:36:28 +0800] 0:0:0:0:0:0:0:1 [GET /eova/ui/js/jquery.min.map HTTP/1.1] 200 14
[06/Jan/2021:17:39:00 +0800] 0:0:0:0:0:0:0:1 [GET /copyright HTTP/1.1] 200 1
[06/Jan/2021:17:39:02 +0800] 0:0:0:0:0:0:0:1 [GET /copyright HTTP/1.1] 200 2
[06/Jan/2021:17:59:34 +0800] 0:0:0:0:0:0:0:1 [GET /copyright HTTP/1.1] 200 2
[06/Jan/2021:17:59:45 +0800] 0:0:0:0:0:0:0:1 [GET /config HTTP/1.1] 200 13
[06/Jan/2021:17:59:45 +0800] 0:0:0:0:0:0:0:1 [GET /eova/plugins/layui/dist/lay/modules/jquery.js HTTP/1.1] 200 7
[06/Jan/2021:17:59:53 +0800] 0:0:0:0:0:0:0:1 [GET / HTTP/1.1] 200 13
[06/Jan/2021:17:59:53 +0800] 0:0:0:0:0:0:0:1 [GET /welcome HTTP/1.1] 200 2
[06/Jan/2021:17:59:53 +0800] 0:0:0:0:0:0:0:1 [GET /favicon.ico HTTP/1.1] 200 3
[06/Jan/2021:17:59:59 +0800] 0:0:0:0:0:0:0:1 [GET /single_grid/list/sys_log HTTP/1.1] 200 13
[06/Jan/2021:17:59:59 +0800] 0:0:0:0:0:0:0:1 [GET /meta/object/eova_log_code HTTP/1.1] 200 3
[06/Jan/2021:17:59:59 +0800] 0:0:0:0:0:0:0:1 [GET /meta/fields/eova_log_code HTTP/1.1] 200 4
[06/Jan/2021:17:59:59 +0800] 0:0:0:0:0:0:0:1 [GET /widget/comboJson/eova_log_code-type HTTP/1.1] 200 4
[06/Jan/2021:17:59:59 +0800] 0:0:0:0:0:0:0:1 [GET /grid/query/eova_log_code-sys_log?page=1&limit=15 HTTP/1.1] 200 23
[06/Jan/2021:18:00:13 +0800] 0:0:0:0:0:0:0:1 [GET /single_grid/list/sys_users HTTP/1.1] 200 12
[06/Jan/2021:18:00:13 +0800] 0:0:0:0:0:0:0:1 [GET /meta/object/eova_user_code HTTP/1.1] 200 3
[06/Jan/2021:18:00:13 +0800] 0:0:0:0:0:0:0:1 [GET /meta/fields/eova_user_code HTTP/1.1] 200 3
[06/Jan/2021:18:00:13 +0800] 0:0:0:0:0:0:0:1 [GET /widget/comboJson/eova_user_code-rid HTTP/1.1] 200 5
[06/Jan/2021:18:00:13 +0800] 0:0:0:0:0:0:0:1 [GET /grid/query/eova_user_code-sys_users?page=1&limit=15 HTTP/1.1] 200 14
[06/Jan/2021:18:14:37 +0800] 0:0:0:0:0:0:0:1 [GET / HTTP/1.1] 302 33
[06/Jan/2021:18:14:37 +0800] 0:0:0:0:0:0:0:1 [GET /toLogin HTTP/1.1] 200 150
[06/Jan/2021:18:14:39 +0800] 0:0:0:0:0:0:0:1 [POST /doLogin HTTP/1.1] 302 24
[06/Jan/2021:18:14:39 +0800] 0:0:0:0:0:0:0:1 [GET / HTTP/1.1] 200 78
[06/Jan/2021:18:14:40 +0800] 0:0:0:0:0:0:0:1 [GET /welcome HTTP/1.1] 200 7
[06/Jan/2021:18:14:48 +0800] 0:0:0:0:0:0:0:1 [GET /single_grid/list/sys_users HTTP/1.1] 200 167
[06/Jan/2021:18:14:48 +0800] 0:0:0:0:0:0:0:1 [GET /meta/object/eova_user_code HTTP/1.1] 200 9
[06/Jan/2021:18:14:48 +0800] 0:0:0:0:0:0:0:1 [GET /meta/fields/eova_user_code HTTP/1.1] 200 8
[06/Jan/2021:18:14:48 +0800] 0:0:0:0:0:0:0:1 [GET /widget/comboJson/eova_user_code-rid HTTP/1.1] 200 90
[06/Jan/2021:18:14:48 +0800] 0:0:0:0:0:0:0:1 [GET /grid/query/eova_user_code-sys_users?page=1&limit=15 HTTP/1.1] 200 39
